2024-01-11 12:29:17,612 [INFO] Activator:178 - 


2024-01-11 12:29:17,644 [INFO] Activator:179 - !SESSION log4j initialized
2024-01-11 12:29:41,058 [INFO] ApplicationProperties:181 - Using Application install path: C:\ST\STM32CubeIDE_1.4.0\STM32CubeIDE\plugins\com.st.stm32cube.common.mx_6.0.0.202007160824
2024-01-11 12:29:41,102 [INFO] DbMcusXml:70 - Set database path to: C:\ST\STM32CubeIDE_1.4.0\STM32CubeIDE\plugins\com.st.stm32cube.common.mx_6.0.0.202007160824\\db\/mcu/
2024-01-11 12:29:41,113 [INFO] DbBoardsPdsc:56 - Set plugin database path to: C:\ST\STM32CubeIDE_1.4.0\STM32CubeIDE\plugins\com.st.stm32cube.common.mx_6.0.0.202007160824\\db\/plugins/boardmanager/
2024-01-11 12:29:41,118 [INFO] DbMcus:258 - Set plugin images path to: C:\ST\STM32CubeIDE_1.4.0\STM32CubeIDE\plugins\com.st.stm32cube.common.mx_6.0.0.202007160824\\db\/plugins/mcufinder/images/
2024-01-11 12:29:41,118 [INFO] DbBoards:264 - Set plugin images path to: C:\ST\STM32CubeIDE_1.4.0\STM32CubeIDE\plugins\com.st.stm32cube.common.mx_6.0.0.202007160824\\db\/plugins/mcufinder/images/
2024-01-11 12:29:41,123 [INFO] DbExamples:326 - Set plugin images path to: C:\ST\STM32CubeIDE_1.4.0\STM32CubeIDE\plugins\com.st.stm32cube.common.mx_6.0.0.202007160824\\db\/plugins/mcufinder/images/
2024-01-11 12:29:41,303 [INFO] DbMcusDocs:112 - Set database path to: C:\Users\Mohamed-pc\.stmcufinder\plugins\mcufinder//mcu/
2024-01-11 12:29:41,373 [INFO] DbMcusJson:63 - Set database path to: C:\Users\Mohamed-pc\.stmcufinder\plugins\mcufinder//mcu/
2024-01-11 12:29:41,373 [INFO] DbBoardsDocs:112 - Set database path to: C:\Users\Mohamed-pc\.stmcufinder\plugins\mcufinder//mcu/
2024-01-11 12:29:41,393 [INFO] DbBoardsJson:56 - Set database path to: C:\Users\Mohamed-pc\.stmcufinder\plugins\mcufinder//mcu/
2024-01-11 12:29:41,449 [INFO] CrossReferenceDbSqlite:196 - Set database path to: C:\Users\Mohamed-pc\.stmcufinder\plugins\mcufinder//mcu/cs/
2024-01-11 12:29:41,458 [INFO] DbExamplesSqlite:800 - Set database path to: C:\Users\Mohamed-pc\.stmcufinder\plugins\mcufinder//mcu/
2024-01-11 12:29:41,800 [INFO] RulesReader:52 - Compatibility file has been processed (209 Rules)
2024-01-11 12:29:42,293 [INFO] MicroXplorer:564 - Detected Java Version = 1.8.0_252
2024-01-11 12:29:42,293 [INFO] DbMcusXml:70 - Set database path to: C:\ST\STM32CubeIDE_1.4.0\STM32CubeIDE\plugins\com.st.stm32cube.common.mx_6.0.0.202007160824\\db\/mcu/
2024-01-11 12:29:42,293 [INFO] DbBoardsPdsc:56 - Set plugin database path to: C:\ST\STM32CubeIDE_1.4.0\STM32CubeIDE\plugins\com.st.stm32cube.common.mx_6.0.0.202007160824\\db\/plugins/boardmanager/
2024-01-11 12:29:42,298 [INFO] DbMcus:258 - Set plugin images path to: C:\ST\STM32CubeIDE_1.4.0\STM32CubeIDE\plugins\com.st.stm32cube.common.mx_6.0.0.202007160824\\db\/plugins/mcufinder/images/
2024-01-11 12:29:42,298 [INFO] DbBoards:264 - Set plugin images path to: C:\ST\STM32CubeIDE_1.4.0\STM32CubeIDE\plugins\com.st.stm32cube.common.mx_6.0.0.202007160824\\db\/plugins/mcufinder/images/
2024-01-11 12:29:42,298 [INFO] DbExamples:326 - Set plugin images path to: C:\ST\STM32CubeIDE_1.4.0\STM32CubeIDE\plugins\com.st.stm32cube.common.mx_6.0.0.202007160824\\db\/plugins/mcufinder/images/
2024-01-11 12:29:42,298 [WARN] DbFile:36 - Overriding database path with different value: C:\Users\Mohamed-pc\.stmcufinder\plugins\mcufinder/ => C:\Users\Mohamed-pc\.stmcufinder\plugins\mcufinder
2024-01-11 12:29:42,298 [INFO] DbMcusDocs:112 - Set database path to: C:\Users\Mohamed-pc\.stmcufinder\plugins\mcufinder//mcu/
2024-01-11 12:29:42,298 [WARN] DbFile:36 - Overriding database path with different value: C:\Users\Mohamed-pc\.stmcufinder\plugins\mcufinder/ => C:\Users\Mohamed-pc\.stmcufinder\plugins\mcufinder
2024-01-11 12:29:42,298 [INFO] DbMcusJson:63 - Set database path to: C:\Users\Mohamed-pc\.stmcufinder\plugins\mcufinder//mcu/
2024-01-11 12:29:42,298 [WARN] DbFile:36 - Overriding database path with different value: C:\Users\Mohamed-pc\.stmcufinder\plugins\mcufinder/ => C:\Users\Mohamed-pc\.stmcufinder\plugins\mcufinder
2024-01-11 12:29:42,303 [INFO] DbBoardsDocs:112 - Set database path to: C:\Users\Mohamed-pc\.stmcufinder\plugins\mcufinder//mcu/
2024-01-11 12:29:42,303 [WARN] DbFile:36 - Overriding database path with different value: C:\Users\Mohamed-pc\.stmcufinder\plugins\mcufinder/ => C:\Users\Mohamed-pc\.stmcufinder\plugins\mcufinder
2024-01-11 12:29:42,303 [INFO] DbBoardsJson:56 - Set database path to: C:\Users\Mohamed-pc\.stmcufinder\plugins\mcufinder//mcu/
2024-01-11 12:29:42,303 [WARN] DbFile:36 - Overriding database path with different value: C:\Users\Mohamed-pc\.stmcufinder\plugins\mcufinder/ => C:\Users\Mohamed-pc\.stmcufinder\plugins\mcufinder
2024-01-11 12:29:42,303 [WARN] DbFile:36 - Overriding database path with different value: C:\Users\Mohamed-pc\.stmcufinder\plugins\mcufinder/ => C:\Users\Mohamed-pc\.stmcufinder\plugins\mcufinder
2024-01-11 12:29:42,303 [INFO] CrossReferenceDbSqlite:196 - Set database path to: C:\Users\Mohamed-pc\.stmcufinder\plugins\mcufinder//mcu/cs/
2024-01-11 12:29:42,303 [WARN] DbFile:36 - Overriding database path with different value: C:\Users\Mohamed-pc\.stmcufinder\plugins\mcufinder/ => C:\Users\Mohamed-pc\.stmcufinder\plugins\mcufinder
2024-01-11 12:29:42,303 [INFO] DbExamplesSqlite:800 - Set database path to: C:\Users\Mohamed-pc\.stmcufinder\plugins\mcufinder//mcu/
2024-01-11 12:29:42,994 [INFO] MainPanel:189 - HeapMemory: 268435456
2024-01-11 12:29:43,413 [INFO] DbMcusXml:70 - Set database path to: C:\ST\STM32CubeIDE_1.4.0\STM32CubeIDE\plugins\com.st.stm32cube.common.mx_6.0.0.202007160824\\db\/mcu/
2024-01-11 12:29:43,413 [INFO] DbBoardsPdsc:56 - Set plugin database path to: C:\ST\STM32CubeIDE_1.4.0\STM32CubeIDE\plugins\com.st.stm32cube.common.mx_6.0.0.202007160824\\db\/plugins/boardmanager/
2024-01-11 12:29:43,413 [INFO] DbMcus:258 - Set plugin images path to: C:\ST\STM32CubeIDE_1.4.0\STM32CubeIDE\plugins\com.st.stm32cube.common.mx_6.0.0.202007160824\\db\/plugins/mcufinder/images/
2024-01-11 12:29:43,413 [INFO] DbBoards:264 - Set plugin images path to: C:\ST\STM32CubeIDE_1.4.0\STM32CubeIDE\plugins\com.st.stm32cube.common.mx_6.0.0.202007160824\\db\/plugins/mcufinder/images/
2024-01-11 12:29:43,413 [INFO] DbExamples:326 - Set plugin images path to: C:\ST\STM32CubeIDE_1.4.0\STM32CubeIDE\plugins\com.st.stm32cube.common.mx_6.0.0.202007160824\\db\/plugins/mcufinder/images/
2024-01-11 12:29:43,413 [WARN] DbFile:36 - Overriding database path with different value: C:\Users\Mohamed-pc\.stmcufinder\plugins\mcufinder/ => C:\Users\Mohamed-pc\.stmcufinder\plugins\mcufinder
2024-01-11 12:29:43,418 [INFO] DbMcusDocs:112 - Set database path to: C:\Users\Mohamed-pc\.stmcufinder\plugins\mcufinder//mcu/
2024-01-11 12:29:43,418 [WARN] DbFile:36 - Overriding database path with different value: C:\Users\Mohamed-pc\.stmcufinder\plugins\mcufinder/ => C:\Users\Mohamed-pc\.stmcufinder\plugins\mcufinder
2024-01-11 12:29:43,418 [INFO] DbMcusJson:63 - Set database path to: C:\Users\Mohamed-pc\.stmcufinder\plugins\mcufinder//mcu/
2024-01-11 12:29:43,418 [WARN] DbFile:36 - Overriding database path with different value: C:\Users\Mohamed-pc\.stmcufinder\plugins\mcufinder/ => C:\Users\Mohamed-pc\.stmcufinder\plugins\mcufinder
2024-01-11 12:29:43,418 [INFO] DbBoardsDocs:112 - Set database path to: C:\Users\Mohamed-pc\.stmcufinder\plugins\mcufinder//mcu/
2024-01-11 12:29:43,418 [WARN] DbFile:36 - Overriding database path with different value: C:\Users\Mohamed-pc\.stmcufinder\plugins\mcufinder/ => C:\Users\Mohamed-pc\.stmcufinder\plugins\mcufinder
2024-01-11 12:29:43,418 [INFO] DbBoardsJson:56 - Set database path to: C:\Users\Mohamed-pc\.stmcufinder\plugins\mcufinder//mcu/
2024-01-11 12:29:43,418 [WARN] DbFile:36 - Overriding database path with different value: C:\Users\Mohamed-pc\.stmcufinder\plugins\mcufinder/ => C:\Users\Mohamed-pc\.stmcufinder\plugins\mcufinder
2024-01-11 12:29:43,418 [WARN] DbFile:36 - Overriding database path with different value: C:\Users\Mohamed-pc\.stmcufinder\plugins\mcufinder/ => C:\Users\Mohamed-pc\.stmcufinder\plugins\mcufinder
2024-01-11 12:29:43,418 [INFO] CrossReferenceDbSqlite:196 - Set database path to: C:\Users\Mohamed-pc\.stmcufinder\plugins\mcufinder//mcu/cs/
2024-01-11 12:29:43,418 [WARN] DbFile:36 - Overriding database path with different value: C:\Users\Mohamed-pc\.stmcufinder\plugins\mcufinder/ => C:\Users\Mohamed-pc\.stmcufinder\plugins\mcufinder
2024-01-11 12:29:43,418 [INFO] DbExamplesSqlite:800 - Set database path to: C:\Users\Mohamed-pc\.stmcufinder\plugins\mcufinder//mcu/
2024-01-11 12:29:43,503 [INFO] ApplicationProperties:181 - Using Application install path: C:\ST\STM32CubeIDE_1.4.0\STM32CubeIDE\plugins\com.st.stm32cube.common.mx_6.0.0.202007160824
2024-01-11 12:29:43,508 [INFO] PluginManage:178 - Search for loadable plugins [exclusion list=, ]
2024-01-11 12:29:43,537 [INFO] PluginManage:292 - Check plugin analytics
2024-01-11 12:29:44,008 [INFO] AnalyticsPlugin:203 - Accepted Software Licenses: 
2024-01-11 12:29:44,008 [INFO] AnalyticsPlugin:205 - Accepted CMSIS Pack Licenses: 
2024-01-11 12:29:44,008 [INFO] AnalyticsPlugin:207 - Accepted Firmware Licenses: 
2024-01-11 12:29:44,008 [INFO] PluginManage:342 - Loaded plugin analytics (category:tool,tabindex:-1)
2024-01-11 12:29:44,008 [INFO] PluginManage:292 - Check plugin clock
2024-01-11 12:29:44,193 [INFO] PluginManage:342 - Loaded plugin clock (category:base,tabindex:2)
2024-01-11 12:29:44,193 [INFO] PluginManage:292 - Check plugin ddr
2024-01-11 12:29:44,213 [INFO] PluginManage:342 - Loaded plugin ddr (category:tool,tabindex:6)
2024-01-11 12:29:44,218 [INFO] PluginManage:292 - Check plugin filemanager
2024-01-11 12:29:44,803 [INFO] PluginManage:342 - Loaded plugin filemanager (category:base,tabindex:10)
2024-01-11 12:29:44,803 [INFO] PluginManage:292 - Check plugin ipmanager
2024-01-11 12:29:44,838 [INFO] PluginManage:342 - Loaded plugin ipmanager (category:base,tabindex:5)
2024-01-11 12:29:44,838 [INFO] PluginManage:292 - Check plugin pinoutandconfiguration
2024-01-11 12:29:44,912 [INFO] PluginManage:342 - Loaded plugin pinoutandconfiguration (category:base,tabindex:1)
2024-01-11 12:29:44,912 [INFO] PluginManage:292 - Check plugin pinoutconfig
2024-01-11 12:29:45,168 [INFO] PluginManage:342 - Loaded plugin pinoutconfig (category:base,tabindex:0)
2024-01-11 12:29:45,168 [INFO] PluginManage:292 - Check plugin power
2024-01-11 12:29:45,273 [INFO] PluginManage:342 - Loaded plugin power (category:power,tabindex:4)
2024-01-11 12:29:45,273 [INFO] PluginManage:292 - Check plugin projectmanager
2024-01-11 12:29:45,338 [INFO] PluginManage:342 - Loaded plugin projectmanager (category:projectmanager,tabindex:3)
2024-01-11 12:29:45,338 [INFO] PluginManage:292 - Check plugin thirdparty
2024-01-11 12:29:45,938 [INFO] ThirdPartyDb:333 - Open Third Party DataBase File (C:/Users/Mohamed-pc/.stm32cubemx/plugins/thirdparty/db/thirdparties_db.xml) : 141 ms. number of Sw pack : 43
2024-01-11 12:29:45,957 [INFO] PluginManage:342 - Loaded plugin thirdparty (category:base,tabindex:-1)
2024-01-11 12:29:45,957 [INFO] PluginManage:292 - Check plugin tools
2024-01-11 12:29:46,128 [INFO] PluginManage:342 - Loaded plugin tools (category:base,tabindex:7)
2024-01-11 12:29:46,128 [INFO] PluginManage:292 - Check plugin tutovideos
2024-01-11 12:29:46,788 [INFO] PluginManage:342 - Loaded plugin tutovideos (category:base,tabindex:-1)
2024-01-11 12:29:46,788 [INFO] PluginManage:292 - Check plugin updater
2024-01-11 12:29:46,858 [INFO] PluginManage:342 - Loaded plugin updater (category:base,tabindex:12)
2024-01-11 12:29:46,860 [INFO] PluginManage:265 - PluginManage : Loaded plugins [13]
2024-01-11 12:29:47,613 [INFO] PinOutPanel:1418 - setPackage(No Configuration,No Configuration)
2024-01-11 12:29:48,078 [INFO] IPUIPlugin:64 - create IPUIPlugin
2024-01-11 12:29:48,078 [INFO] PluginManager:200 - loadIPPluginJar : add adc
2024-01-11 12:29:48,188 [INFO] IPUIPlugin:64 - create IPUIPlugin
2024-01-11 12:29:48,188 [INFO] PluginManager:200 - loadIPPluginJar : add aes
2024-01-11 12:29:48,288 [INFO] IPUIPlugin:64 - create IPUIPlugin
2024-01-11 12:29:48,288 [INFO] PluginManager:200 - loadIPPluginJar : add can
2024-01-11 12:29:48,348 [INFO] IPUIPlugin:64 - create IPUIPlugin
2024-01-11 12:29:48,348 [INFO] PluginManager:200 - loadIPPluginJar : add comp
2024-01-11 12:29:48,423 [INFO] IPUIPlugin:64 - create IPUIPlugin
2024-01-11 12:29:48,427 [INFO] PluginManager:200 - loadIPPluginJar : add cryp
2024-01-11 12:29:48,519 [INFO] IPUIPlugin:64 - create IPUIPlugin
2024-01-11 12:29:48,523 [INFO] PluginManager:200 - loadIPPluginJar : add dfsdm
2024-01-11 12:29:48,573 [INFO] IPUIPlugin:64 - create IPUIPlugin
2024-01-11 12:29:48,573 [INFO] PluginManager:200 - loadIPPluginJar : add dma
2024-01-11 12:29:48,633 [INFO] IPUIPlugin:64 - create IPUIPlugin
2024-01-11 12:29:48,633 [INFO] PluginManager:200 - loadIPPluginJar : add fatfs
2024-01-11 12:29:48,778 [INFO] IPUIPlugin:64 - create IPUIPlugin
2024-01-11 12:29:48,778 [INFO] PluginManager:200 - loadIPPluginJar : add fmc
2024-01-11 12:29:48,828 [INFO] IPUIPlugin:64 - create IPUIPlugin
2024-01-11 12:29:48,828 [INFO] PluginManager:200 - loadIPPluginJar : add freertos
2024-01-11 12:29:48,933 [INFO] IPUIPlugin:64 - create IPUIPlugin
2024-01-11 12:29:48,933 [INFO] PluginManager:200 - loadIPPluginJar : add genericplugin
2024-01-11 12:29:49,125 [INFO] IPUIPlugin:64 - create IPUIPlugin
2024-01-11 12:29:49,125 [INFO] PluginManager:200 - loadIPPluginJar : add gfxmmu
2024-01-11 12:29:49,417 [INFO] IPUIPlugin:64 - create IPUIPlugin
2024-01-11 12:29:49,418 [INFO] PluginManager:200 - loadIPPluginJar : add gic
2024-01-11 12:29:49,478 [INFO] IPUIPlugin:64 - create IPUIPlugin
2024-01-11 12:29:49,478 [INFO] PluginManager:200 - loadIPPluginJar : add gpio
2024-01-11 12:29:49,773 [INFO] IPUIPlugin:64 - create IPUIPlugin
2024-01-11 12:29:49,773 [INFO] PluginManager:200 - loadIPPluginJar : add gtzc
2024-01-11 12:29:49,853 [INFO] IPUIPlugin:64 - create IPUIPlugin
2024-01-11 12:29:49,853 [INFO] PluginManager:200 - loadIPPluginJar : add hash
2024-01-11 12:29:49,993 [INFO] IPUIPlugin:64 - create IPUIPlugin
2024-01-11 12:29:49,993 [INFO] PluginManager:200 - loadIPPluginJar : add i2c
2024-01-11 12:29:50,073 [INFO] IPUIPlugin:64 - create IPUIPlugin
2024-01-11 12:29:50,073 [INFO] PluginManager:200 - loadIPPluginJar : add i2s
2024-01-11 12:29:50,117 [INFO] IPUIPlugin:64 - create IPUIPlugin
2024-01-11 12:29:50,117 [INFO] PluginManager:200 - loadIPPluginJar : add ipddr
2024-01-11 12:29:50,202 [INFO] IPUIPlugin:64 - create IPUIPlugin
2024-01-11 12:29:50,202 [INFO] PluginManager:200 - loadIPPluginJar : add ltdc
2024-01-11 12:29:50,253 [INFO] IPUIPlugin:64 - create IPUIPlugin
2024-01-11 12:29:50,258 [INFO] PluginManager:200 - loadIPPluginJar : add mdma
2024-01-11 12:29:50,293 [INFO] IPUIPlugin:64 - create IPUIPlugin
2024-01-11 12:29:50,293 [INFO] PluginManager:200 - loadIPPluginJar : add nvic
2024-01-11 12:29:50,393 [INFO] IPUIPlugin:64 - create IPUIPlugin
2024-01-11 12:29:50,398 [INFO] PluginManager:200 - loadIPPluginJar : add opamp
2024-01-11 12:29:50,542 [INFO] IPUIPlugin:64 - create IPUIPlugin
2024-01-11 12:29:50,542 [INFO] PluginManager:200 - loadIPPluginJar : add openamp
2024-01-11 12:29:50,638 [INFO] IPUIPlugin:64 - create IPUIPlugin
2024-01-11 12:29:50,638 [INFO] PluginManager:200 - loadIPPluginJar : add pdm2pcm
2024-01-11 12:29:50,684 [INFO] IPUIPlugin:64 - create IPUIPlugin
2024-01-11 12:29:50,689 [INFO] PluginManager:200 - loadIPPluginJar : add plateformsettings
2024-01-11 12:29:50,748 [INFO] IPUIPlugin:64 - create IPUIPlugin
2024-01-11 12:29:50,748 [INFO] PluginManager:200 - loadIPPluginJar : add quadspi
2024-01-11 12:29:50,774 [INFO] IPUIPlugin:64 - create IPUIPlugin
2024-01-11 12:29:50,774 [INFO] PluginManager:200 - loadIPPluginJar : add resmgrutility
2024-01-11 12:29:50,880 [INFO] IPUIPlugin:64 - create IPUIPlugin
2024-01-11 12:29:50,880 [INFO] PluginManager:200 - loadIPPluginJar : add sai
2024-01-11 12:29:50,988 [INFO] IPUIPlugin:64 - create IPUIPlugin
2024-01-11 12:29:50,988 [INFO] PluginManager:200 - loadIPPluginJar : add spi
2024-01-11 12:29:51,118 [INFO] IPUIPlugin:64 - create IPUIPlugin
2024-01-11 12:29:51,118 [INFO] PluginManager:200 - loadIPPluginJar : add stm32_wpan
2024-01-11 12:29:51,183 [INFO] IPUIPlugin:64 - create IPUIPlugin
2024-01-11 12:29:51,183 [INFO] PluginManager:200 - loadIPPluginJar : add tim
2024-01-11 12:29:51,317 [INFO] IPUIPlugin:64 - create IPUIPlugin
2024-01-11 12:29:51,317 [INFO] PluginManager:200 - loadIPPluginJar : add touchsensing
2024-01-11 12:29:51,383 [INFO] IPUIPlugin:64 - create IPUIPlugin
2024-01-11 12:29:51,383 [INFO] PluginManager:200 - loadIPPluginJar : add tracer_emb
2024-01-11 12:29:51,448 [INFO] IPUIPlugin:64 - create IPUIPlugin
2024-01-11 12:29:51,448 [INFO] PluginManager:200 - loadIPPluginJar : add ts
2024-01-11 12:29:51,508 [INFO] IPUIPlugin:64 - create IPUIPlugin
2024-01-11 12:29:51,508 [INFO] PluginManager:200 - loadIPPluginJar : add tsc
2024-01-11 12:29:51,563 [INFO] IPUIPlugin:64 - create IPUIPlugin
2024-01-11 12:29:51,563 [INFO] PluginManager:200 - loadIPPluginJar : add ucpd
2024-01-11 12:29:51,653 [INFO] IPUIPlugin:64 - create IPUIPlugin
2024-01-11 12:29:51,653 [INFO] PluginManager:200 - loadIPPluginJar : add usart
2024-01-11 12:29:53,592 [INFO] CubeProgrammer:457 - [DDR PANEL] - PathOfProgrammer: null
2024-01-11 12:29:55,243 [FATAL] Updater:282 - Updater called before beeing initialized
2024-01-11 12:29:55,988 [FATAL] Updater:282 - Updater called before beeing initialized
2024-01-11 12:29:55,993 [WARN] ThirdParty:775 - waiting for thirdparty lock release [close project]
2024-01-11 12:29:55,993 [INFO] ThirdParty:777 - entering critical section [close project]
2024-01-11 12:29:55,993 [INFO] ThirdParty:790 - exiting critical section [close project]
2024-01-11 12:29:55,998 [INFO] PinOutPanel:1418 - setPackage(No Configuration,No Configuration)
2024-01-11 12:29:55,998 [FATAL] Updater:282 - Updater called before beeing initialized
2024-01-11 12:29:56,030 [ERROR] Updater:967 - MainUpdater not yet initialized. External WinMGr cannot be set.
2024-01-11 12:29:56,030 [INFO] CubeProgrammer:457 - [DDR PANEL] - PathOfProgrammer: C:\ST\STM32CubeIDE_1.4.0\STM32CubeIDE\plugins\com.st.stm32cube.ide.mcu.externaltools.cubeprogrammer.win32_1.4.0.202007081208\tools\bin
2024-01-11 12:29:56,050 [INFO] ProgrammerExecThread:148 - [ProgrammerAPI] CubeProgrammer command construction: C:\ST\STM32CubeIDE_1.4.0\STM32CubeIDE\plugins\com.st.stm32cube.ide.mcu.externaltools.cubeprogrammer.win32_1.4.0.202007081208\tools\bin\STM32_Programmer_CLI.exe -l
2024-01-11 12:29:58,100 [INFO] MainDdrPanel:49 - [DDR PANEL] SETTER - Set cubeProgrammerPath to: C:\ST\STM32CubeIDE_1.4.0\STM32CubeIDE\plugins\com.st.stm32cube.ide.mcu.externaltools.cubeprogrammer.win32_1.4.0.202007081208\tools\bin
2024-01-11 12:29:58,624 [INFO] Updater:904 - Updater Version found : 6.0.0
2024-01-11 12:29:58,688 [INFO] ApplicationProperties:181 - Using Application install path: C:\ST\STM32CubeIDE_1.4.0\STM32CubeIDE\plugins\com.st.stm32cube.common.mx_6.0.0.202007160824
2024-01-11 12:30:00,217 [INFO] MainUpdater:2268 - connection check result : 10
2024-01-11 12:30:00,217 [INFO] MainUpdater:2935 - Updater definition file requires update
2024-01-11 12:30:00,222 [INFO] MainUpdater:239 - Updater Check For Update Now.
2024-01-11 12:30:00,222 [INFO] MicroXplorer:414 - Change Database Version : DB.6.0.0
2024-01-11 12:30:00,652 [INFO] ServerAccessManage:348 - Download File updaters.zip
2024-01-11 12:30:00,909 [INFO] FileExtend:225 - Unzip File : updaters.zip
2024-01-11 12:30:00,909 [INFO] FileExtend:240 - Standard Zip Deflate
2024-01-11 12:30:01,004 [WARN] IntegrityCheckThread:61 - waiting for thirdparty lock release [integrity check]
2024-01-11 12:30:01,004 [INFO] IntegrityCheckThread:63 - entering critical section [integrity check]
2024-01-11 12:30:01,014 [WARN] MainUpdater:1087 - Updater busy. Cannot search thirdparties
2024-01-11 12:30:02,879 [INFO] ServerAccessManage:348 - Download File PacksControlFlags.xml
2024-01-11 12:30:03,719 [INFO] ServerAccessManage:348 - Download File cubemx.pidx
2024-01-11 12:30:04,029 [WARN] MainUpdater:1087 - Updater busy. Cannot search thirdparties
2024-01-11 12:30:04,926 [INFO] LoadServerUpdatesThread:309 - End of LoadServerUpdate Thread
2024-01-11 12:30:05,125 [INFO] CheckServerUpdateThread:102 - End of CheckServer Thread
2024-01-11 12:30:05,145 [INFO] MainUpdater:2268 - connection check result : 10
2024-01-11 12:30:05,715 [INFO] ServerAccessManage:348 - Download File mcusDocs.json._tmp_
2024-01-11 12:30:05,999 [INFO] LoadUrlFilesThread:135 - End of LoadUrlFiles Thread
2024-01-11 12:30:06,305 [INFO] ServerAccessManage:348 - Download File mcusFeaturesAndDescription.json._tmp_
2024-01-11 12:30:07,044 [WARN] MainUpdater:1087 - Updater busy. Cannot search thirdparties
2024-01-11 12:30:09,458 [INFO] LoadUrlFilesThread:135 - End of LoadUrlFiles Thread
2024-01-11 12:30:09,588 [INFO] ServerAccessManage:348 - Download File boardsDocs.json._tmp_
2024-01-11 12:30:09,623 [INFO] LoadUrlFilesThread:135 - End of LoadUrlFiles Thread
2024-01-11 12:30:09,776 [INFO] ServerAccessManage:348 - Download File boards.json._tmp_
2024-01-11 12:30:09,986 [INFO] LoadUrlFilesThread:135 - End of LoadUrlFiles Thread
2024-01-11 12:30:10,058 [WARN] MainUpdater:1087 - Updater busy. Cannot search thirdparties
2024-01-11 12:30:10,575 [INFO] ServerAccessManage:348 - Download File cube-finder-db.zip
2024-01-11 12:30:13,058 [WARN] MainUpdater:1087 - Updater busy. Cannot search thirdparties
2024-01-11 12:30:16,071 [WARN] MainUpdater:1087 - Updater busy. Cannot search thirdparties
2024-01-11 12:30:19,073 [WARN] MainUpdater:1087 - Updater busy. Cannot search thirdparties
2024-01-11 12:30:21,935 [INFO] FileExtend:225 - Unzip File : cube-finder-db.zip
2024-01-11 12:30:21,935 [INFO] FileExtend:240 - Standard Zip Deflate
2024-01-11 12:30:22,088 [WARN] MainUpdater:1087 - Updater busy. Cannot search thirdparties
2024-01-11 12:30:24,713 [INFO] LoadUrlFilesThread:135 - End of LoadUrlFiles Thread
2024-01-11 12:30:25,089 [WARN] MainUpdater:1087 - Updater busy. Cannot search thirdparties
2024-01-11 12:30:25,439 [INFO] ServerAccessManage:348 - Download File crdb.zip
2024-01-11 12:30:27,414 [INFO] FileExtend:225 - Unzip File : crdb.zip
2024-01-11 12:30:27,419 [INFO] FileExtend:240 - Standard Zip Deflate
2024-01-11 12:30:27,533 [INFO] LoadUrlFilesThread:135 - End of LoadUrlFiles Thread
2024-01-11 12:30:28,060 [INFO] ServerAccessManage:348 - Download File tutoVideoDB.zip
2024-01-11 12:30:28,100 [WARN] MainUpdater:1087 - Updater busy. Cannot search thirdparties
2024-01-11 12:30:28,180 [INFO] FileExtend:225 - Unzip File : tutoVideoDB.zip
2024-01-11 12:30:28,185 [INFO] FileExtend:240 - Standard Zip Deflate
2024-01-11 12:30:28,210 [INFO] LoadUrlFilesThread:135 - End of LoadUrlFiles Thread
2024-01-11 12:30:28,274 [INFO] DbMcusDocs:145 - JSON generation date=Tue Nov 16 18:17:54 EET 2021 (1637079474)
2024-01-11 12:30:28,289 [INFO] DbMcusXml:100 - Load MCU database from C:\ST\STM32CubeIDE_1.4.0\STM32CubeIDE\plugins\com.st.stm32cube.common.mx_6.0.0.202007160824\\db\/mcu/families.xml
2024-01-11 12:30:30,189 [INFO] DbMcusJson:92 - JSON generation date=Tue Nov 16 18:17:54 EET 2021 (1637079474)
2024-01-11 12:30:33,384 [INFO] ThirdPartyDb:299 - Save Third Party DataBase File (C:/Users/Mohamed-pc/.stm32cubemx/plugins/thirdparty/db/thirdparties_db.xml) [forced]
2024-01-11 12:30:33,574 [INFO] ThirdPartyDb:299 - Save Third Party DataBase File (C:/Users/Mohamed-pc/.stm32cubemx/plugins/thirdparty/db/thirdparties_db.xml) [forced]
2024-01-11 12:30:33,649 [INFO] DbMcus:175 - Found 1761 MCUs (1722 are supported by CubeMX, 1911 are visible in CubeMX)
2024-01-11 12:30:33,654 [INFO] ApiDb:201 - Load user favorites file C:\Users\Mohamed-pc/.stm32cubemx/favorites.mcus.txt: 0 item(s)
2024-01-11 12:30:33,654 [INFO] ApiDb:205 - User favorites MCUs=[]
2024-01-11 12:30:33,654 [INFO] DbMcus:187 - Set 0 / 0 favorites MCUs
2024-01-11 12:30:33,734 [INFO] IntegrityCheckThread:76 - exiting critical section [integrity check]
2024-01-11 12:30:33,739 [INFO] IntegrityCheckThread:79 - End integrity checks thread
2024-01-11 12:30:34,694 [INFO] DbMcusDocs:81 - Found 682 MCUs documents
2024-01-11 12:30:34,699 [INFO] ApiDb:226 - Save user favorites file C:\Users\Mohamed-pc/.stm32cubemx/favorites.mcus.txt: 0 item(s)
2024-01-11 12:30:34,699 [INFO] ApiDb:230 - User favorites MCUs=[]
2024-01-11 12:30:34,699 [INFO] DbMcusXml:100 - Load MCU database from C:\ST\STM32CubeIDE_1.4.0\STM32CubeIDE\plugins\com.st.stm32cube.common.mx_6.0.0.202007160824\\db\/mcu/families.xml
2024-01-11 12:30:36,099 [INFO] DbMcusJson:92 - JSON generation date=Tue Nov 16 18:17:54 EET 2021 (1637079474)
2024-01-11 12:30:37,917 [INFO] DbMcus:175 - Found 1761 MCUs (1722 are supported by CubeMX, 1911 are visible in CubeMX)
2024-01-11 12:30:37,917 [INFO] ApiDb:201 - Load user favorites file C:\Users\Mohamed-pc/.stm32cubemx/favorites.mcus.txt: 0 item(s)
2024-01-11 12:30:37,917 [INFO] ApiDb:205 - User favorites MCUs=[]
2024-01-11 12:30:37,917 [INFO] DbMcus:187 - Set 0 / 0 favorites MCUs
2024-01-11 12:30:37,932 [INFO] DbBoardsDocs:145 - JSON generation date=Tue Nov 16 18:17:54 EET 2021 (1637079474)
2024-01-11 12:30:38,648 [INFO] DbBoardsPdsc:94 - Found 23 items
2024-01-11 12:30:38,693 [INFO] DbBoardsPdsc:94 - Found 9 items
2024-01-11 12:30:38,753 [INFO] DbBoardsPdsc:94 - Found 29 items
2024-01-11 12:30:39,125 [INFO] DbBoardsPdsc:94 - Found 1 items
2024-01-11 12:30:39,455 [INFO] DbBoardsPdsc:94 - Found 44 items
2024-01-11 12:30:40,267 [INFO] DbBoardsPdsc:94 - Found 40 items
2024-01-11 12:30:40,383 [INFO] DbBoardsPdsc:94 - Found 2 items
2024-01-11 12:30:40,485 [INFO] DbBoardsPdsc:94 - Found 4 items
2024-01-11 12:30:40,495 [WARN] DbBoardsPdsc:258 - Board STM32H7B3I-DK: unknown feature type=Audio, name=, username=Audio stereo codec with Headphone Amp (CS42L51-CNZ), n=1
2024-01-11 12:30:40,495 [WARN] DbBoardsPdsc:258 - Board STM32H735G-DK: unknown feature type=Audio, name=, username=Audio stereo codec with Headphone Amp (WM8994ECS/R), n=1
2024-01-11 12:30:40,500 [WARN] DbBoardsPdsc:258 - Board STM32H7B3I-EVAL: unknown feature type=Audio, name=, username=Multi-Channel Audio Codec (CS42L51-CNZ), n=1
2024-01-11 12:30:40,500 [WARN] DbBoardsPdsc:258 - Board STM32H7B3I-EVAL: unknown feature type=Meter, name=, username=Power-metering and Temperature-monitoring with sigma-delta modulators, n=1
2024-01-11 12:30:40,500 [WARN] DbBoardsPdsc:258 - Board STM32H7B3I-EVAL: unknown feature type=Motor, name=, username=Motor Control, n=1
2024-01-11 12:30:40,645 [INFO] DbBoardsJson:85 - JSON generation date=Tue Nov 16 18:17:54 EET 2021 (1637079474)
2024-01-11 12:30:40,680 [INFO] DbBoards:117 - Found 166 boards (149 are supported by CubeMX)
2024-01-11 12:30:40,685 [INFO] DbBoardsDocs:145 - JSON generation date=Tue Nov 16 18:17:54 EET 2021 (1637079474)
2024-01-11 12:30:40,705 [INFO] DbBoardsDocs:81 - Found 209 boards documents
2024-01-11 12:30:40,735 [WARN] DbBoards:127 - board B-L475E-IOT01A2 has no document id list !
2024-01-11 12:30:40,735 [WARN] DbBoards:127 - board NUCLEO-H743ZI has no document id list !
2024-01-11 12:30:40,740 [WARN] DbBoards:127 - board P-NUCLEO-WB55-Nucleo has no document id list !
2024-01-11 12:30:40,740 [WARN] DbBoards:127 - board P-NUCLEO-WB55-USBDongle has no document id list !
2024-01-11 12:30:40,745 [WARN] DbBoards:127 - board STEVAL-BFA001V1B has no document id list !
2024-01-11 12:30:40,745 [WARN] DbBoards:127 - board STEVAL-BFA001V2B has no document id list !
2024-01-11 12:30:40,745 [WARN] DbBoards:127 - board STEVAL-IDP005V1 has no document id list !
2024-01-11 12:30:40,745 [WARN] DbBoards:127 - board STEVAL-IDP005V2 has no document id list !
2024-01-11 12:30:40,750 [WARN] DbBoards:127 - board STEVAL-MKSBOX1V1 has no document id list !
2024-01-11 12:30:40,750 [WARN] DbBoards:127 - board STEVAL-STWINKT1 has no document id list !
2024-01-11 12:30:40,750 [WARN] DbBoards:127 - board STEVAL-STWINKT1B has no document id list !
2024-01-11 12:30:40,750 [WARN] DbBoards:127 - board STM32439I-EVAL2 has no document id list !
2024-01-11 12:30:40,750 [WARN] DbBoards:127 - board STM32F401C-DISCO has no document id list !
2024-01-11 12:30:40,750 [WARN] DbBoards:127 - board STM32F769I-DISC1 has no document id list !
2024-01-11 12:30:40,755 [WARN] DbBoards:127 - board STM32G474E-EVAL1 has no document id list !
2024-01-11 12:30:40,765 [WARN] DbBoards:127 - board STM32H743I-EVAL2 has no document id list !
2024-01-11 12:30:40,765 [WARN] DbBoards:127 - board STM32H747I-DISC1 has no document id list !
2024-01-11 12:30:40,765 [WARN] DbBoards:127 - board STM32H753I-EVAL2 has no document id list !
2024-01-11 12:30:40,765 [WARN] DbBoards:127 - board STM32L-DISCOVERY has no document id list !
2024-01-11 12:30:42,910 [ERROR] DbBoards:189 - Image file not found for board B-L462E-CELL1: C:\ST\STM32CubeIDE_1.4.0\STM32CubeIDE\plugins\com.st.stm32cube.common.mx_6.0.0.202007160824\\db\/plugins/mcufinder/images/boards/B-L462E-CELL1_small.jpg
2024-01-11 12:30:43,865 [ERROR] DbBoards:189 - Image file not found for board B-U585I-IOT02A: C:\ST\STM32CubeIDE_1.4.0\STM32CubeIDE\plugins\com.st.stm32cube.common.mx_6.0.0.202007160824\\db\/plugins/mcufinder/images/boards/B-U585I-IOT02A_small.jpg
2024-01-11 12:30:45,306 [ERROR] DbBoards:189 - Image file not found for board NUCLEO-F413ZH: C:\ST\STM32CubeIDE_1.4.0\STM32CubeIDE\plugins\com.st.stm32cube.common.mx_6.0.0.202007160824\\db\/plugins/mcufinder/images/boards/nucleo-f413zh_small.jpg
2024-01-11 12:30:45,671 [ERROR] DbBoards:189 - Image file not found for board NUCLEO-L552ZE-Q: C:\ST\STM32CubeIDE_1.4.0\STM32CubeIDE\plugins\com.st.stm32cube.common.mx_6.0.0.202007160824\\db\/plugins/mcufinder/images/boards/nucleo_l552ze_q_small.jpg
2024-01-11 12:30:45,671 [ERROR] DbBoards:189 - Image file not found for board NUCLEO-U575ZI-Q: C:\ST\STM32CubeIDE_1.4.0\STM32CubeIDE\plugins\com.st.stm32cube.common.mx_6.0.0.202007160824\\db\/plugins/mcufinder/images/boards/nucleo-u575zi-q_small.jpg
2024-01-11 12:30:45,671 [ERROR] DbBoards:189 - Image file not found for board NUCLEO-WB15CC: C:\ST\STM32CubeIDE_1.4.0\STM32CubeIDE\plugins\com.st.stm32cube.common.mx_6.0.0.202007160824\\db\/plugins/mcufinder/images/boards/nucleo-wb15cc_small.jpg
2024-01-11 12:30:45,671 [ERROR] DbBoards:189 - Image file not found for board NUCLEO-WB55RG: C:\ST\STM32CubeIDE_1.4.0\STM32CubeIDE\plugins\com.st.stm32cube.common.mx_6.0.0.202007160824\\db\/plugins/mcufinder/images/boards/nucleo-wb55rg_small.jpg
2024-01-11 12:30:45,676 [ERROR] DbBoards:189 - Image file not found for board NUCLEO-WL55JC: C:\ST\STM32CubeIDE_1.4.0\STM32CubeIDE\plugins\com.st.stm32cube.common.mx_6.0.0.202007160824\\db\/plugins/mcufinder/images/boards/nucleo-wl55jc-small.jpg
2024-01-11 12:30:46,313 [ERROR] DbBoards:189 - Image file not found for board STEVAL-STWINKT1B: C:\ST\STM32CubeIDE_1.4.0\STM32CubeIDE\plugins\com.st.stm32cube.common.mx_6.0.0.202007160824\\db\/plugins/mcufinder/images/boards/steval-stwinkt1b_small.jpg
2024-01-11 12:30:47,421 [ERROR] DbBoards:189 - Image file not found for board STM32G0C1E-EV: C:\ST\STM32CubeIDE_1.4.0\STM32CubeIDE\plugins\com.st.stm32cube.common.mx_6.0.0.202007160824\\db\/plugins/mcufinder/images/boards/stm32g0c1e-eval_small.jpg
2024-01-11 12:30:47,461 [INFO] MainUpdater:2268 - connection check result : 10
2024-01-11 12:30:47,897 [ERROR] DbBoards:189 - Image file not found for board STM32H7B3I-EVAL: C:\ST\STM32CubeIDE_1.4.0\STM32CubeIDE\plugins\com.st.stm32cube.common.mx_6.0.0.202007160824\\db\/plugins/mcufinder/images/boards/stm32h7b3ieval_small.jpg
2024-01-11 12:30:48,525 [ERROR] DbBoards:189 - Image file not found for board STM32U575I-EV: C:\ST\STM32CubeIDE_1.4.0\STM32CubeIDE\plugins\com.st.stm32cube.common.mx_6.0.0.202007160824\\db\/plugins/mcufinder/images/boards/stm32u575i-ev_small.jpg
2024-01-11 12:30:48,650 [ERROR] DbBoards:189 - Image file not found for board STM32WB5MM-DK: C:\ST\STM32CubeIDE_1.4.0\STM32CubeIDE\plugins\com.st.stm32cube.common.mx_6.0.0.202007160824\\db\/plugins/mcufinder/images/boards/STM32WB5MM-DK_small.jpg
2024-01-11 12:30:48,650 [INFO] ApiDb:201 - Load user favorites file C:\Users\Mohamed-pc/.stm32cubemx/favorites.boards.txt: 0 item(s)
2024-01-11 12:30:48,650 [INFO] ApiDb:205 - User favorites Boards=[]
2024-01-11 12:30:48,650 [INFO] DbBoards:206 - Set 0 / 0 favorites Boards
2024-01-11 12:30:48,650 [INFO] DbBoardsDocs:81 - Found 418 boards documents
2024-01-11 12:30:48,650 [INFO] ApiDb:226 - Save user favorites file C:\Users\Mohamed-pc/.stm32cubemx/favorites.boards.txt: 0 item(s)
2024-01-11 12:30:48,650 [INFO] ApiDb:230 - User favorites Boards=[]
2024-01-11 12:30:48,666 [INFO] DbBoardsPdsc:94 - Found 23 items
2024-01-11 12:30:48,666 [INFO] DbBoardsPdsc:94 - Found 9 items
2024-01-11 12:30:48,666 [INFO] DbBoardsPdsc:94 - Found 29 items
2024-01-11 12:30:48,666 [INFO] DbBoardsPdsc:94 - Found 1 items
2024-01-11 12:30:48,681 [INFO] DbBoardsPdsc:94 - Found 44 items
2024-01-11 12:30:48,697 [INFO] DbBoardsPdsc:94 - Found 40 items
2024-01-11 12:30:48,697 [INFO] DbBoardsPdsc:94 - Found 2 items
2024-01-11 12:30:48,713 [INFO] DbBoardsPdsc:94 - Found 4 items
2024-01-11 12:30:48,716 [WARN] DbBoardsPdsc:258 - Board STM32H7B3I-DK: unknown feature type=Audio, name=, username=Audio stereo codec with Headphone Amp (CS42L51-CNZ), n=1
2024-01-11 12:30:48,716 [WARN] DbBoardsPdsc:258 - Board STM32H735G-DK: unknown feature type=Audio, name=, username=Audio stereo codec with Headphone Amp (WM8994ECS/R), n=1
2024-01-11 12:30:48,716 [WARN] DbBoardsPdsc:258 - Board STM32H7B3I-EVAL: unknown feature type=Audio, name=, username=Multi-Channel Audio Codec (CS42L51-CNZ), n=1
2024-01-11 12:30:48,716 [WARN] DbBoardsPdsc:258 - Board STM32H7B3I-EVAL: unknown feature type=Meter, name=, username=Power-metering and Temperature-monitoring with sigma-delta modulators, n=1
2024-01-11 12:30:48,716 [WARN] DbBoardsPdsc:258 - Board STM32H7B3I-EVAL: unknown feature type=Motor, name=, username=Motor Control, n=1
2024-01-11 12:30:48,729 [INFO] DbBoardsJson:85 - JSON generation date=Tue Nov 16 18:17:54 EET 2021 (1637079474)
2024-01-11 12:30:48,744 [INFO] DbBoards:117 - Found 166 boards (149 are supported by CubeMX)
2024-01-11 12:30:48,744 [WARN] DbBoards:127 - board B-L475E-IOT01A2 has no document id list !
2024-01-11 12:30:48,744 [WARN] DbBoards:127 - board NUCLEO-H743ZI has no document id list !
2024-01-11 12:30:48,744 [WARN] DbBoards:127 - board P-NUCLEO-WB55-Nucleo has no document id list !
2024-01-11 12:30:48,744 [WARN] DbBoards:127 - board P-NUCLEO-WB55-USBDongle has no document id list !
2024-01-11 12:30:48,744 [WARN] DbBoards:127 - board STEVAL-BFA001V1B has no document id list !
2024-01-11 12:30:48,744 [WARN] DbBoards:127 - board STEVAL-BFA001V2B has no document id list !
2024-01-11 12:30:48,744 [WARN] DbBoards:127 - board STEVAL-IDP005V1 has no document id list !
2024-01-11 12:30:48,744 [WARN] DbBoards:127 - board STEVAL-IDP005V2 has no document id list !
2024-01-11 12:30:48,744 [WARN] DbBoards:127 - board STEVAL-MKSBOX1V1 has no document id list !
2024-01-11 12:30:48,744 [WARN] DbBoards:127 - board STEVAL-STWINKT1 has no document id list !
2024-01-11 12:30:48,744 [WARN] DbBoards:127 - board STEVAL-STWINKT1B has no document id list !
2024-01-11 12:30:48,744 [WARN] DbBoards:127 - board STM32439I-EVAL2 has no document id list !
2024-01-11 12:30:48,744 [WARN] DbBoards:127 - board STM32F401C-DISCO has no document id list !
2024-01-11 12:30:48,744 [WARN] DbBoards:127 - board STM32F769I-DISC1 has no document id list !
2024-01-11 12:30:48,744 [WARN] DbBoards:127 - board STM32G474E-EVAL1 has no document id list !
2024-01-11 12:30:48,744 [WARN] DbBoards:127 - board STM32H743I-EVAL2 has no document id list !
2024-01-11 12:30:48,744 [WARN] DbBoards:127 - board STM32H747I-DISC1 has no document id list !
2024-01-11 12:30:48,744 [WARN] DbBoards:127 - board STM32H753I-EVAL2 has no document id list !
2024-01-11 12:30:48,760 [WARN] DbBoards:127 - board STM32L-DISCOVERY has no document id list !
2024-01-11 12:30:48,823 [ERROR] DbBoards:189 - Image file not found for board B-L462E-CELL1: C:\ST\STM32CubeIDE_1.4.0\STM32CubeIDE\plugins\com.st.stm32cube.common.mx_6.0.0.202007160824\\db\/plugins/mcufinder/images/boards/B-L462E-CELL1_small.jpg
2024-01-11 12:30:48,870 [ERROR] DbBoards:189 - Image file not found for board B-U585I-IOT02A: C:\ST\STM32CubeIDE_1.4.0\STM32CubeIDE\plugins\com.st.stm32cube.common.mx_6.0.0.202007160824\\db\/plugins/mcufinder/images/boards/B-U585I-IOT02A_small.jpg
2024-01-11 12:30:48,995 [ERROR] DbBoards:189 - Image file not found for board NUCLEO-F413ZH: C:\ST\STM32CubeIDE_1.4.0\STM32CubeIDE\plugins\com.st.stm32cube.common.mx_6.0.0.202007160824\\db\/plugins/mcufinder/images/boards/nucleo-f413zh_small.jpg
2024-01-11 12:30:49,262 [ERROR] DbBoards:189 - Image file not found for board NUCLEO-L552ZE-Q: C:\ST\STM32CubeIDE_1.4.0\STM32CubeIDE\plugins\com.st.stm32cube.common.mx_6.0.0.202007160824\\db\/plugins/mcufinder/images/boards/nucleo_l552ze_q_small.jpg
2024-01-11 12:30:49,262 [ERROR] DbBoards:189 - Image file not found for board NUCLEO-U575ZI-Q: C:\ST\STM32CubeIDE_1.4.0\STM32CubeIDE\plugins\com.st.stm32cube.common.mx_6.0.0.202007160824\\db\/plugins/mcufinder/images/boards/nucleo-u575zi-q_small.jpg
2024-01-11 12:30:49,262 [ERROR] DbBoards:189 - Image file not found for board NUCLEO-WB15CC: C:\ST\STM32CubeIDE_1.4.0\STM32CubeIDE\plugins\com.st.stm32cube.common.mx_6.0.0.202007160824\\db\/plugins/mcufinder/images/boards/nucleo-wb15cc_small.jpg
2024-01-11 12:30:49,262 [ERROR] DbBoards:189 - Image file not found for board NUCLEO-WB55RG: C:\ST\STM32CubeIDE_1.4.0\STM32CubeIDE\plugins\com.st.stm32cube.common.mx_6.0.0.202007160824\\db\/plugins/mcufinder/images/boards/nucleo-wb55rg_small.jpg
2024-01-11 12:30:49,262 [ERROR] DbBoards:189 - Image file not found for board NUCLEO-WL55JC: C:\ST\STM32CubeIDE_1.4.0\STM32CubeIDE\plugins\com.st.stm32cube.common.mx_6.0.0.202007160824\\db\/plugins/mcufinder/images/boards/nucleo-wl55jc-small.jpg
2024-01-11 12:30:49,497 [ERROR] DbBoards:189 - Image file not found for board STEVAL-STWINKT1B: C:\ST\STM32CubeIDE_1.4.0\STM32CubeIDE\plugins\com.st.stm32cube.common.mx_6.0.0.202007160824\\db\/plugins/mcufinder/images/boards/steval-stwinkt1b_small.jpg
2024-01-11 12:30:49,921 [ERROR] DbBoards:189 - Image file not found for board STM32G0C1E-EV: C:\ST\STM32CubeIDE_1.4.0\STM32CubeIDE\plugins\com.st.stm32cube.common.mx_6.0.0.202007160824\\db\/plugins/mcufinder/images/boards/stm32g0c1e-eval_small.jpg
2024-01-11 12:30:50,031 [ERROR] DbBoards:189 - Image file not found for board STM32H7B3I-EVAL: C:\ST\STM32CubeIDE_1.4.0\STM32CubeIDE\plugins\com.st.stm32cube.common.mx_6.0.0.202007160824\\db\/plugins/mcufinder/images/boards/stm32h7b3ieval_small.jpg
2024-01-11 12:30:50,470 [ERROR] DbBoards:189 - Image file not found for board STM32U575I-EV: C:\ST\STM32CubeIDE_1.4.0\STM32CubeIDE\plugins\com.st.stm32cube.common.mx_6.0.0.202007160824\\db\/plugins/mcufinder/images/boards/stm32u575i-ev_small.jpg
2024-01-11 12:30:50,501 [ERROR] DbBoards:189 - Image file not found for board STM32WB5MM-DK: C:\ST\STM32CubeIDE_1.4.0\STM32CubeIDE\plugins\com.st.stm32cube.common.mx_6.0.0.202007160824\\db\/plugins/mcufinder/images/boards/STM32WB5MM-DK_small.jpg
2024-01-11 12:30:50,501 [INFO] ApiDb:201 - Load user favorites file C:\Users\Mohamed-pc/.stm32cubemx/favorites.boards.txt: 0 item(s)
2024-01-11 12:30:50,501 [INFO] ApiDb:205 - User favorites Boards=[]
2024-01-11 12:30:50,501 [INFO] DbBoards:206 - Set 0 / 0 favorites Boards
2024-01-11 12:30:53,688 [INFO] DbExamplesSqlite:156 - SQLite db open (C:\Users\Mohamed-pc\.stmcufinder\plugins\mcufinder\mcu\cube-finder-db.db)
2024-01-11 12:30:55,288 [INFO] DbExamplesSqlite:447 - Ignored 0 examples not supported by CubeIDE
2024-01-11 12:30:55,288 [INFO] DbExamplesSqlite:448 - Found 7560 examples active
2024-01-11 12:30:55,288 [INFO] DbExamplesSqlite:449 - Found 844 examples obsolete
2024-01-11 12:30:55,288 [INFO] DbExamplesSqlite:450 - Found 0 examples under development
2024-01-11 12:30:55,288 [INFO] DbExamplesSqlite:451 - Found 8 examples not building
2024-01-11 12:30:55,445 [INFO] DbExamplesSqlite:130 - SQLite Data Model version=2.1
2024-01-11 12:30:55,445 [INFO] DbExamplesSqlite:131 - SQLite Configuration version=3.0.39
2024-01-11 12:30:55,445 [INFO] DbExamplesSqlite:132 - SQLite generation date=2023-12-08 (1702028721)
2024-01-11 12:30:55,445 [INFO] DbExamplesSqlite:133 - SQLite FW Pack versions=[FP-ATR-ASTRA1_V2.0.0, FP-SNS-FLIGHT1_V5.0.1, FP-SNS-FLIGHT1_V5.0.2, FP-SNS-MOTENV1_V4.3.1, FP-SNS-MOTENV1_V4.3.2, FP-SNS-MOTENVWB1_V1.3.1, FP-SNS-SMARTAG2_V1.2.0, STM32Cube_FW_C0_V1.1.0, STM32Cube_FW_F4_V1.28.0, STM32Cube_FW_F7_V1.17.0, STM32Cube_FW_G0_V1.6.1, STM32Cube_FW_G4_V1.5.1, STM32Cube_FW_H5_V0.5.1, STM32Cube_FW_H5_V1.1.1, STM32Cube_FW_H5_V1.2.0RC2, STM32Cube_FW_H7_V1.11.0, STM32Cube_FW_L0_V1.12.2, STM32Cube_FW_L5_V1.5.0, STM32Cube_FW_U5_V1.3.0RC4, STM32Cube_FW_U5_V1.4.0, STM32Cube_FW_WBA_V1.0.0RC1, STM32Cube_FW_WBA_V1.1.0RC1, STM32Cube_FW_WBA_V1.2.0, STM32Cube_FW_WBA_V1.2.0RC2, STM32Cube_FW_WB_V1.15.0RC1, STM32Cube_FW_WB_V1.16.0, STM32Cube_FW_WB_V1.16.0RC2, STM32Cube_FW_WB_V1.18.0, STM32Cube_FW_WL_V1.3.0, X-CUBE-ALGOBUILD_V1.3.0, X-CUBE-ALS_V1.0.1, X-CUBE-AZRTOS-F4_V1.1.0, X-CUBE-AZRTOS-F7_V1.1.0, X-CUBE-AZRTOS-G0_V1.1.0, X-CUBE-AZRTOS-G4_V2.0.0, X-CUBE-AZRTOS-H7_V3.1.0, X-CUBE-AZRTOS-L4_V1.0.0, X-CUBE-AZRTOS-L4_V2.0.0, X-CUBE-AZRTOS-L5_V1.1.0, X-CUBE-AZRTOS-WB_V2.0.0, X-CUBE-AZRTOS-WL_V2.0.0, X-CUBE-BLE1_V7.0.0, X-CUBE-BLE2_V3.3.0, X-CUBE-BLEMGR_V3.0.0, X-CUBE-EEPRMA1_V4.1.0, X-CUBE-EEPRMA1_V4.2.0, X-CUBE-FREERTOS_V1.1.0, X-CUBE-GNSS1_V6.0.0, X-CUBE-MEMS1_V10.0.0, X-CUBE-MEMS1_V9.1.0, X-CUBE-MEMS1_V9.4.0, X-CUBE-MEMS1_V9.6.0, X-CUBE-NFC4_V3.0.0, X-CUBE-NFC7_V1.0.1, X-CUBE-SFXS2LP1_V4.0.0, X-CUBE-SUBG2_V5.0.0, X-CUBE-TOF1_V3.4.0]
2024-01-11 12:30:55,445 [INFO] DbExamples:123 - Found 7568 examples
2024-01-11 12:30:56,700 [ERROR] DbExamples:199 - Found 7568 examples with invalid data (board or MCU)
2024-01-11 12:30:56,700 [INFO] DbExamples:215 - Found 77 boards with related examples
2024-01-11 12:30:56,700 [INFO] DbExamples:228 - Found 0 MCUs with related examples
2024-01-11 12:30:56,747 [INFO] ApiDb:192 - User favorites file not found: C:\Users\Mohamed-pc/.stm32cubemx/favorites.examples.txt
2024-01-11 12:30:56,747 [INFO] DbExamples:249 - Set 0 / 0 favorites Examples
2024-01-11 12:30:57,280 [INFO] McuFinderGlobals:40 - Set McuFinder mode to 2 (CubeIDE integrated)
2024-01-11 12:31:01,362 [INFO] CrossSelectorPresenter:1330 - Cross Selector saved comparison directory: C:\Users\Mohamed-pc\.stmcufinder\plugins\mcufinder\mcu\cs_comparisons_mx
2024-01-11 12:31:01,378 [INFO] MultiScanPanel:193 - Auto-refresh data requested => check proxy status ongoing
2024-01-11 12:31:01,378 [INFO] FinderPluginLoader:87 - Searching for filters in installed packs
2024-01-11 12:31:03,072 [INFO] LoadUrlFilesThread:162 - End of LoadServerUrlFiles without Thread
2024-01-11 12:31:03,087 [INFO] DetailPanel:331 - Set advertising image to C:/Users/Mohamed-pc/STM32Cube/Repository/\stm32cubemx-promo_image.jpg
2024-01-11 12:31:04,044 [INFO] McuFilterPanel:245 - Update 0 favorites MCUs
2024-01-11 12:31:04,812 [INFO] McuFinderGlobals:40 - Set McuFinder mode to 2 (CubeIDE integrated)
2024-01-11 12:31:04,859 [INFO] CrossSelectorPresenter:1330 - Cross Selector saved comparison directory: C:\Users\Mohamed-pc\.stmcufinder\plugins\mcufinder\mcu\cs_comparisons_mx
2024-01-11 12:31:04,875 [INFO] MultiScanPanel:193 - Auto-refresh data requested => check proxy status ongoing
2024-01-11 12:31:04,875 [INFO] FinderPluginLoader:87 - Searching for filters in installed packs
2024-01-11 12:31:05,519 [INFO] LoadUrlFilesThread:162 - End of LoadServerUrlFiles without Thread
2024-01-11 12:31:05,519 [INFO] DetailPanel:331 - Set advertising image to C:/Users/Mohamed-pc/STM32Cube/Repository/\stm32cubemx-promo_image.jpg
2024-01-11 12:31:06,320 [INFO] McuFilterPanel:245 - Update 0 favorites MCUs
2024-01-11 12:33:00,817 [INFO] LogOutputStream:76 - [STDOUT_REDIRECT] withoutVersionV1.8.4
2024-01-11 12:33:00,818 [INFO] LogOutputStream:76 - [STDOUT_REDIRECT] withoutVersionV1.8.3
2024-01-11 12:33:00,819 [INFO] LogOutputStream:76 - [STDOUT_REDIRECT] withoutVersionV1.8.2
2024-01-11 12:33:00,820 [INFO] LogOutputStream:76 - [STDOUT_REDIRECT] withoutVersionV1.8.1
2024-01-11 12:33:00,821 [INFO] LogOutputStream:76 - [STDOUT_REDIRECT] withoutVersionV1.8.0
2024-01-11 12:33:21,660 [INFO] ApiDb:226 - Save user favorites file C:\Users\Mohamed-pc/.stm32cubeide/favorites.mcus.txt: 0 item(s)
2024-01-11 12:33:21,660 [INFO] ApiDb:230 - User favorites MCUs=[]
2024-01-11 16:11:40,429 [INFO] Activator:178 - 


2024-01-11 16:11:40,511 [INFO] Activator:179 - !SESSION log4j initialized
2024-01-12 18:36:20,816 [INFO] Activator:178 - 


2024-01-12 18:36:21,076 [INFO] Activator:179 - !SESSION log4j initialized
2024-01-13 16:41:43,062 [INFO] Activator:178 - 


2024-01-13 16:41:43,124 [INFO] Activator:179 - !SESSION log4j initialized
2024-01-13 17:32:44,860 [INFO] Activator:178 - 


2024-01-13 17:32:44,969 [INFO] Activator:179 - !SESSION log4j initialized
2024-01-13 17:43:05,487 [INFO] Activator:178 - 


2024-01-13 17:43:05,502 [INFO] Activator:179 - !SESSION log4j initialized
2024-01-13 19:25:04,003 [INFO] Activator:178 - 


2024-01-13 19:25:04,128 [INFO] Activator:179 - !SESSION log4j initialized
2024-01-14 10:20:40,582 [INFO] Activator:178 - 


2024-01-14 10:20:40,628 [INFO] Activator:179 - !SESSION log4j initialized
2024-01-14 10:29:40,991 [INFO] Activator:178 - 


2024-01-14 10:29:40,997 [INFO] Activator:179 - !SESSION log4j initialized
2024-01-14 12:39:57,064 [INFO] Activator:178 - 


2024-01-14 12:39:57,142 [INFO] Activator:179 - !SESSION log4j initialized
2024-01-14 12:55:24,818 [INFO] Activator:178 - 


2024-01-14 12:55:24,818 [INFO] Activator:179 - !SESSION log4j initialized
2024-01-22 05:46:28,853 [INFO] Activator:178 - 


2024-01-22 05:46:28,866 [INFO] Activator:179 - !SESSION log4j initialized
