2023-12-27 19:14:14,068 [INFO] Activator:178 - 


2023-12-27 19:14:14,101 [INFO] Activator:179 - !SESSION log4j initialized
2023-12-27 19:14:41,698 [INFO] ApplicationProperties:181 - Using Application install path: C:\ST\STM32CubeIDE_1.4.0\STM32CubeIDE\plugins\com.st.stm32cube.common.mx_6.0.0.202007160824
2023-12-27 19:14:41,741 [INFO] DbMcusXml:70 - Set database path to: C:\ST\STM32CubeIDE_1.4.0\STM32CubeIDE\plugins\com.st.stm32cube.common.mx_6.0.0.202007160824\\db\/mcu/
2023-12-27 19:14:41,749 [INFO] DbBoardsPdsc:56 - Set plugin database path to: C:\ST\STM32CubeIDE_1.4.0\STM32CubeIDE\plugins\com.st.stm32cube.common.mx_6.0.0.202007160824\\db\/plugins/boardmanager/
2023-12-27 19:14:41,751 [INFO] DbMcus:258 - Set plugin images path to: C:\ST\STM32CubeIDE_1.4.0\STM32CubeIDE\plugins\com.st.stm32cube.common.mx_6.0.0.202007160824\\db\/plugins/mcufinder/images/
2023-12-27 19:14:41,751 [INFO] DbBoards:264 - Set plugin images path to: C:\ST\STM32CubeIDE_1.4.0\STM32CubeIDE\plugins\com.st.stm32cube.common.mx_6.0.0.202007160824\\db\/plugins/mcufinder/images/
2023-12-27 19:14:41,759 [INFO] DbExamples:326 - Set plugin images path to: C:\ST\STM32CubeIDE_1.4.0\STM32CubeIDE\plugins\com.st.stm32cube.common.mx_6.0.0.202007160824\\db\/plugins/mcufinder/images/
2023-12-27 19:14:41,984 [INFO] DbMcusDocs:112 - Set database path to: C:\Users\Mohamed-pc\.stmcufinder\plugins\mcufinder//mcu/
2023-12-27 19:14:41,996 [INFO] DbMcusJson:63 - Set database path to: C:\Users\Mohamed-pc\.stmcufinder\plugins\mcufinder//mcu/
2023-12-27 19:14:41,999 [INFO] DbBoardsDocs:112 - Set database path to: C:\Users\Mohamed-pc\.stmcufinder\plugins\mcufinder//mcu/
2023-12-27 19:14:42,004 [INFO] DbBoardsJson:56 - Set database path to: C:\Users\Mohamed-pc\.stmcufinder\plugins\mcufinder//mcu/
2023-12-27 19:14:42,204 [INFO] CrossReferenceDbSqlite:196 - Set database path to: C:\Users\Mohamed-pc\.stmcufinder\plugins\mcufinder//mcu/cs/
2023-12-27 19:14:42,215 [INFO] DbExamplesSqlite:800 - Set database path to: C:\Users\Mohamed-pc\.stmcufinder\plugins\mcufinder//mcu/
2023-12-27 19:14:42,753 [INFO] RulesReader:52 - Compatibility file has been processed (209 Rules)
2023-12-27 19:14:43,415 [INFO] MicroXplorer:564 - Detected Java Version = 1.8.0_252
2023-12-27 19:14:43,416 [INFO] DbMcusXml:70 - Set database path to: C:\ST\STM32CubeIDE_1.4.0\STM32CubeIDE\plugins\com.st.stm32cube.common.mx_6.0.0.202007160824\\db\/mcu/
2023-12-27 19:14:43,417 [INFO] DbBoardsPdsc:56 - Set plugin database path to: C:\ST\STM32CubeIDE_1.4.0\STM32CubeIDE\plugins\com.st.stm32cube.common.mx_6.0.0.202007160824\\db\/plugins/boardmanager/
2023-12-27 19:14:43,419 [INFO] DbMcus:258 - Set plugin images path to: C:\ST\STM32CubeIDE_1.4.0\STM32CubeIDE\plugins\com.st.stm32cube.common.mx_6.0.0.202007160824\\db\/plugins/mcufinder/images/
2023-12-27 19:14:43,419 [INFO] DbBoards:264 - Set plugin images path to: C:\ST\STM32CubeIDE_1.4.0\STM32CubeIDE\plugins\com.st.stm32cube.common.mx_6.0.0.202007160824\\db\/plugins/mcufinder/images/
2023-12-27 19:14:43,420 [INFO] DbExamples:326 - Set plugin images path to: C:\ST\STM32CubeIDE_1.4.0\STM32CubeIDE\plugins\com.st.stm32cube.common.mx_6.0.0.202007160824\\db\/plugins/mcufinder/images/
2023-12-27 19:14:43,420 [WARN] DbFile:36 - Overriding database path with different value: C:\Users\Mohamed-pc\.stmcufinder\plugins\mcufinder/ => C:\Users\Mohamed-pc\.stmcufinder\plugins\mcufinder
2023-12-27 19:14:43,421 [INFO] DbMcusDocs:112 - Set database path to: C:\Users\Mohamed-pc\.stmcufinder\plugins\mcufinder//mcu/
2023-12-27 19:14:43,421 [WARN] DbFile:36 - Overriding database path with different value: C:\Users\Mohamed-pc\.stmcufinder\plugins\mcufinder/ => C:\Users\Mohamed-pc\.stmcufinder\plugins\mcufinder
2023-12-27 19:14:43,421 [INFO] DbMcusJson:63 - Set database path to: C:\Users\Mohamed-pc\.stmcufinder\plugins\mcufinder//mcu/
2023-12-27 19:14:43,422 [WARN] DbFile:36 - Overriding database path with different value: C:\Users\Mohamed-pc\.stmcufinder\plugins\mcufinder/ => C:\Users\Mohamed-pc\.stmcufinder\plugins\mcufinder
2023-12-27 19:14:43,422 [INFO] DbBoardsDocs:112 - Set database path to: C:\Users\Mohamed-pc\.stmcufinder\plugins\mcufinder//mcu/
2023-12-27 19:14:43,423 [WARN] DbFile:36 - Overriding database path with different value: C:\Users\Mohamed-pc\.stmcufinder\plugins\mcufinder/ => C:\Users\Mohamed-pc\.stmcufinder\plugins\mcufinder
2023-12-27 19:14:43,423 [INFO] DbBoardsJson:56 - Set database path to: C:\Users\Mohamed-pc\.stmcufinder\plugins\mcufinder//mcu/
2023-12-27 19:14:43,424 [WARN] DbFile:36 - Overriding database path with different value: C:\Users\Mohamed-pc\.stmcufinder\plugins\mcufinder/ => C:\Users\Mohamed-pc\.stmcufinder\plugins\mcufinder
2023-12-27 19:14:43,424 [WARN] DbFile:36 - Overriding database path with different value: C:\Users\Mohamed-pc\.stmcufinder\plugins\mcufinder/ => C:\Users\Mohamed-pc\.stmcufinder\plugins\mcufinder
2023-12-27 19:14:43,424 [INFO] CrossReferenceDbSqlite:196 - Set database path to: C:\Users\Mohamed-pc\.stmcufinder\plugins\mcufinder//mcu/cs/
2023-12-27 19:14:43,425 [WARN] DbFile:36 - Overriding database path with different value: C:\Users\Mohamed-pc\.stmcufinder\plugins\mcufinder/ => C:\Users\Mohamed-pc\.stmcufinder\plugins\mcufinder
2023-12-27 19:14:43,425 [INFO] DbExamplesSqlite:800 - Set database path to: C:\Users\Mohamed-pc\.stmcufinder\plugins\mcufinder//mcu/
2023-12-27 19:14:44,027 [INFO] MainPanel:189 - HeapMemory: 268435456
2023-12-27 19:14:44,495 [INFO] DbMcusXml:70 - Set database path to: C:\ST\STM32CubeIDE_1.4.0\STM32CubeIDE\plugins\com.st.stm32cube.common.mx_6.0.0.202007160824\\db\/mcu/
2023-12-27 19:14:44,496 [INFO] DbBoardsPdsc:56 - Set plugin database path to: C:\ST\STM32CubeIDE_1.4.0\STM32CubeIDE\plugins\com.st.stm32cube.common.mx_6.0.0.202007160824\\db\/plugins/boardmanager/
2023-12-27 19:14:44,496 [INFO] DbMcus:258 - Set plugin images path to: C:\ST\STM32CubeIDE_1.4.0\STM32CubeIDE\plugins\com.st.stm32cube.common.mx_6.0.0.202007160824\\db\/plugins/mcufinder/images/
2023-12-27 19:14:44,497 [INFO] DbBoards:264 - Set plugin images path to: C:\ST\STM32CubeIDE_1.4.0\STM32CubeIDE\plugins\com.st.stm32cube.common.mx_6.0.0.202007160824\\db\/plugins/mcufinder/images/
2023-12-27 19:14:44,497 [INFO] DbExamples:326 - Set plugin images path to: C:\ST\STM32CubeIDE_1.4.0\STM32CubeIDE\plugins\com.st.stm32cube.common.mx_6.0.0.202007160824\\db\/plugins/mcufinder/images/
2023-12-27 19:14:44,528 [WARN] DbFile:36 - Overriding database path with different value: C:\Users\Mohamed-pc\.stmcufinder\plugins\mcufinder/ => C:\Users\Mohamed-pc\.stmcufinder\plugins\mcufinder
2023-12-27 19:14:44,528 [INFO] DbMcusDocs:112 - Set database path to: C:\Users\Mohamed-pc\.stmcufinder\plugins\mcufinder//mcu/
2023-12-27 19:14:44,529 [WARN] DbFile:36 - Overriding database path with different value: C:\Users\Mohamed-pc\.stmcufinder\plugins\mcufinder/ => C:\Users\Mohamed-pc\.stmcufinder\plugins\mcufinder
2023-12-27 19:14:44,529 [INFO] DbMcusJson:63 - Set database path to: C:\Users\Mohamed-pc\.stmcufinder\plugins\mcufinder//mcu/
2023-12-27 19:14:44,529 [WARN] DbFile:36 - Overriding database path with different value: C:\Users\Mohamed-pc\.stmcufinder\plugins\mcufinder/ => C:\Users\Mohamed-pc\.stmcufinder\plugins\mcufinder
2023-12-27 19:14:44,530 [INFO] DbBoardsDocs:112 - Set database path to: C:\Users\Mohamed-pc\.stmcufinder\plugins\mcufinder//mcu/
2023-12-27 19:14:44,530 [WARN] DbFile:36 - Overriding database path with different value: C:\Users\Mohamed-pc\.stmcufinder\plugins\mcufinder/ => C:\Users\Mohamed-pc\.stmcufinder\plugins\mcufinder
2023-12-27 19:14:44,530 [INFO] DbBoardsJson:56 - Set database path to: C:\Users\Mohamed-pc\.stmcufinder\plugins\mcufinder//mcu/
2023-12-27 19:14:44,530 [WARN] DbFile:36 - Overriding database path with different value: C:\Users\Mohamed-pc\.stmcufinder\plugins\mcufinder/ => C:\Users\Mohamed-pc\.stmcufinder\plugins\mcufinder
2023-12-27 19:14:44,530 [WARN] DbFile:36 - Overriding database path with different value: C:\Users\Mohamed-pc\.stmcufinder\plugins\mcufinder/ => C:\Users\Mohamed-pc\.stmcufinder\plugins\mcufinder
2023-12-27 19:14:44,531 [INFO] CrossReferenceDbSqlite:196 - Set database path to: C:\Users\Mohamed-pc\.stmcufinder\plugins\mcufinder//mcu/cs/
2023-12-27 19:14:44,531 [WARN] DbFile:36 - Overriding database path with different value: C:\Users\Mohamed-pc\.stmcufinder\plugins\mcufinder/ => C:\Users\Mohamed-pc\.stmcufinder\plugins\mcufinder
2023-12-27 19:14:44,531 [INFO] DbExamplesSqlite:800 - Set database path to: C:\Users\Mohamed-pc\.stmcufinder\plugins\mcufinder//mcu/
2023-12-27 19:14:44,742 [INFO] ApplicationProperties:181 - Using Application install path: C:\ST\STM32CubeIDE_1.4.0\STM32CubeIDE\plugins\com.st.stm32cube.common.mx_6.0.0.202007160824
2023-12-27 19:14:44,746 [INFO] PluginManage:178 - Search for loadable plugins [exclusion list=, ]
2023-12-27 19:14:44,779 [INFO] PluginManage:292 - Check plugin analytics
2023-12-27 19:14:56,677 [INFO] AnalyticsPlugin:203 - Accepted Software Licenses: 
2023-12-27 19:14:56,678 [INFO] AnalyticsPlugin:205 - Accepted CMSIS Pack Licenses: 
2023-12-27 19:14:56,679 [INFO] AnalyticsPlugin:207 - Accepted Firmware Licenses: 
2023-12-27 19:14:56,680 [INFO] PluginManage:342 - Loaded plugin analytics (category:tool,tabindex:-1)
2023-12-27 19:14:56,681 [INFO] PluginManage:292 - Check plugin clock
2023-12-27 19:14:56,770 [INFO] PluginManage:342 - Loaded plugin clock (category:base,tabindex:2)
2023-12-27 19:14:56,771 [INFO] PluginManage:292 - Check plugin ddr
2023-12-27 19:14:56,783 [INFO] PluginManage:342 - Loaded plugin ddr (category:tool,tabindex:6)
2023-12-27 19:14:56,783 [INFO] PluginManage:292 - Check plugin filemanager
2023-12-27 19:14:57,255 [INFO] PluginManage:342 - Loaded plugin filemanager (category:base,tabindex:10)
2023-12-27 19:14:57,256 [INFO] PluginManage:292 - Check plugin ipmanager
2023-12-27 19:14:57,314 [INFO] PluginManage:342 - Loaded plugin ipmanager (category:base,tabindex:5)
2023-12-27 19:14:57,315 [INFO] PluginManage:292 - Check plugin pinoutandconfiguration
2023-12-27 19:14:57,369 [INFO] PluginManage:342 - Loaded plugin pinoutandconfiguration (category:base,tabindex:1)
2023-12-27 19:14:57,370 [INFO] PluginManage:292 - Check plugin pinoutconfig
2023-12-27 19:14:57,525 [INFO] PluginManage:342 - Loaded plugin pinoutconfig (category:base,tabindex:0)
2023-12-27 19:14:57,525 [INFO] PluginManage:292 - Check plugin power
2023-12-27 19:14:57,609 [INFO] PluginManage:342 - Loaded plugin power (category:power,tabindex:4)
2023-12-27 19:14:57,610 [INFO] PluginManage:292 - Check plugin projectmanager
2023-12-27 19:14:57,682 [INFO] PluginManage:342 - Loaded plugin projectmanager (category:projectmanager,tabindex:3)
2023-12-27 19:14:57,683 [INFO] PluginManage:292 - Check plugin thirdparty
2023-12-27 19:14:58,203 [INFO] ThirdPartyDb:333 - Open Third Party DataBase File (C:/Users/Mohamed-pc/.stm32cubemx/plugins/thirdparty/db/thirdparties_db.xml) : 149 ms. number of Sw pack : 43
2023-12-27 19:14:58,225 [INFO] PluginManage:342 - Loaded plugin thirdparty (category:base,tabindex:-1)
2023-12-27 19:14:58,225 [INFO] PluginManage:292 - Check plugin tools
2023-12-27 19:14:58,361 [INFO] PluginManage:342 - Loaded plugin tools (category:base,tabindex:7)
2023-12-27 19:14:58,361 [INFO] PluginManage:292 - Check plugin tutovideos
2023-12-27 19:14:59,126 [INFO] PluginManage:342 - Loaded plugin tutovideos (category:base,tabindex:-1)
2023-12-27 19:14:59,126 [INFO] PluginManage:292 - Check plugin updater
2023-12-27 19:14:59,192 [INFO] PluginManage:342 - Loaded plugin updater (category:base,tabindex:12)
2023-12-27 19:14:59,193 [INFO] PluginManage:265 - PluginManage : Loaded plugins [13]
2023-12-27 19:15:00,001 [INFO] PinOutPanel:1418 - setPackage(No Configuration,No Configuration)
2023-12-27 19:15:00,469 [INFO] IPUIPlugin:64 - create IPUIPlugin
2023-12-27 19:15:00,470 [INFO] PluginManager:200 - loadIPPluginJar : add adc
2023-12-27 19:15:00,567 [INFO] IPUIPlugin:64 - create IPUIPlugin
2023-12-27 19:15:00,567 [INFO] PluginManager:200 - loadIPPluginJar : add aes
2023-12-27 19:15:00,670 [INFO] IPUIPlugin:64 - create IPUIPlugin
2023-12-27 19:15:00,671 [INFO] PluginManager:200 - loadIPPluginJar : add can
2023-12-27 19:15:00,749 [INFO] IPUIPlugin:64 - create IPUIPlugin
2023-12-27 19:15:00,750 [INFO] PluginManager:200 - loadIPPluginJar : add comp
2023-12-27 19:15:00,849 [INFO] IPUIPlugin:64 - create IPUIPlugin
2023-12-27 19:15:00,849 [INFO] PluginManager:200 - loadIPPluginJar : add cryp
2023-12-27 19:15:00,942 [INFO] IPUIPlugin:64 - create IPUIPlugin
2023-12-27 19:15:00,942 [INFO] PluginManager:200 - loadIPPluginJar : add dfsdm
2023-12-27 19:15:00,985 [INFO] IPUIPlugin:64 - create IPUIPlugin
2023-12-27 19:15:00,986 [INFO] PluginManager:200 - loadIPPluginJar : add dma
2023-12-27 19:15:01,045 [INFO] IPUIPlugin:64 - create IPUIPlugin
2023-12-27 19:15:01,045 [INFO] PluginManager:200 - loadIPPluginJar : add fatfs
2023-12-27 19:15:01,157 [INFO] IPUIPlugin:64 - create IPUIPlugin
2023-12-27 19:15:01,158 [INFO] PluginManager:200 - loadIPPluginJar : add fmc
2023-12-27 19:15:01,200 [INFO] IPUIPlugin:64 - create IPUIPlugin
2023-12-27 19:15:01,200 [INFO] PluginManager:200 - loadIPPluginJar : add freertos
2023-12-27 19:15:01,295 [INFO] IPUIPlugin:64 - create IPUIPlugin
2023-12-27 19:15:01,296 [INFO] PluginManager:200 - loadIPPluginJar : add genericplugin
2023-12-27 19:15:01,506 [INFO] IPUIPlugin:64 - create IPUIPlugin
2023-12-27 19:15:01,507 [INFO] PluginManager:200 - loadIPPluginJar : add gfxmmu
2023-12-27 19:15:01,793 [INFO] IPUIPlugin:64 - create IPUIPlugin
2023-12-27 19:15:01,794 [INFO] PluginManager:200 - loadIPPluginJar : add gic
2023-12-27 19:15:01,831 [INFO] IPUIPlugin:64 - create IPUIPlugin
2023-12-27 19:15:01,832 [INFO] PluginManager:200 - loadIPPluginJar : add gpio
2023-12-27 19:15:02,011 [INFO] IPUIPlugin:64 - create IPUIPlugin
2023-12-27 19:15:02,012 [INFO] PluginManager:200 - loadIPPluginJar : add gtzc
2023-12-27 19:15:02,086 [INFO] IPUIPlugin:64 - create IPUIPlugin
2023-12-27 19:15:02,087 [INFO] PluginManager:200 - loadIPPluginJar : add hash
2023-12-27 19:15:02,214 [INFO] IPUIPlugin:64 - create IPUIPlugin
2023-12-27 19:15:02,215 [INFO] PluginManager:200 - loadIPPluginJar : add i2c
2023-12-27 19:15:02,308 [INFO] IPUIPlugin:64 - create IPUIPlugin
2023-12-27 19:15:02,309 [INFO] PluginManager:200 - loadIPPluginJar : add i2s
2023-12-27 19:15:02,360 [INFO] IPUIPlugin:64 - create IPUIPlugin
2023-12-27 19:15:02,360 [INFO] PluginManager:200 - loadIPPluginJar : add ipddr
2023-12-27 19:15:02,446 [INFO] IPUIPlugin:64 - create IPUIPlugin
2023-12-27 19:15:02,447 [INFO] PluginManager:200 - loadIPPluginJar : add ltdc
2023-12-27 19:15:02,497 [INFO] IPUIPlugin:64 - create IPUIPlugin
2023-12-27 19:15:02,498 [INFO] PluginManager:200 - loadIPPluginJar : add mdma
2023-12-27 19:15:02,534 [INFO] IPUIPlugin:64 - create IPUIPlugin
2023-12-27 19:15:02,535 [INFO] PluginManager:200 - loadIPPluginJar : add nvic
2023-12-27 19:15:02,625 [INFO] IPUIPlugin:64 - create IPUIPlugin
2023-12-27 19:15:02,625 [INFO] PluginManager:200 - loadIPPluginJar : add opamp
2023-12-27 19:15:02,763 [INFO] IPUIPlugin:64 - create IPUIPlugin
2023-12-27 19:15:02,763 [INFO] PluginManager:200 - loadIPPluginJar : add openamp
2023-12-27 19:15:02,901 [INFO] IPUIPlugin:64 - create IPUIPlugin
2023-12-27 19:15:02,902 [INFO] PluginManager:200 - loadIPPluginJar : add pdm2pcm
2023-12-27 19:15:02,944 [INFO] IPUIPlugin:64 - create IPUIPlugin
2023-12-27 19:15:02,949 [INFO] PluginManager:200 - loadIPPluginJar : add plateformsettings
2023-12-27 19:15:03,075 [INFO] IPUIPlugin:64 - create IPUIPlugin
2023-12-27 19:15:03,076 [INFO] PluginManager:200 - loadIPPluginJar : add quadspi
2023-12-27 19:15:03,122 [INFO] IPUIPlugin:64 - create IPUIPlugin
2023-12-27 19:15:03,122 [INFO] PluginManager:200 - loadIPPluginJar : add resmgrutility
2023-12-27 19:15:03,319 [INFO] IPUIPlugin:64 - create IPUIPlugin
2023-12-27 19:15:03,319 [INFO] PluginManager:200 - loadIPPluginJar : add sai
2023-12-27 19:15:03,437 [INFO] IPUIPlugin:64 - create IPUIPlugin
2023-12-27 19:15:03,437 [INFO] PluginManager:200 - loadIPPluginJar : add spi
2023-12-27 19:15:03,535 [INFO] IPUIPlugin:64 - create IPUIPlugin
2023-12-27 19:15:03,536 [INFO] PluginManager:200 - loadIPPluginJar : add stm32_wpan
2023-12-27 19:15:03,600 [INFO] IPUIPlugin:64 - create IPUIPlugin
2023-12-27 19:15:03,600 [INFO] PluginManager:200 - loadIPPluginJar : add tim
2023-12-27 19:15:03,752 [INFO] IPUIPlugin:64 - create IPUIPlugin
2023-12-27 19:15:03,752 [INFO] PluginManager:200 - loadIPPluginJar : add touchsensing
2023-12-27 19:15:03,826 [INFO] IPUIPlugin:64 - create IPUIPlugin
2023-12-27 19:15:03,827 [INFO] PluginManager:200 - loadIPPluginJar : add tracer_emb
2023-12-27 19:15:03,908 [INFO] IPUIPlugin:64 - create IPUIPlugin
2023-12-27 19:15:03,908 [INFO] PluginManager:200 - loadIPPluginJar : add ts
2023-12-27 19:15:03,991 [INFO] IPUIPlugin:64 - create IPUIPlugin
2023-12-27 19:15:03,991 [INFO] PluginManager:200 - loadIPPluginJar : add tsc
2023-12-27 19:15:04,058 [INFO] IPUIPlugin:64 - create IPUIPlugin
2023-12-27 19:15:04,058 [INFO] PluginManager:200 - loadIPPluginJar : add ucpd
2023-12-27 19:15:04,162 [INFO] IPUIPlugin:64 - create IPUIPlugin
2023-12-27 19:15:04,162 [INFO] PluginManager:200 - loadIPPluginJar : add usart
2023-12-27 19:15:05,976 [INFO] CubeProgrammer:457 - [DDR PANEL] - PathOfProgrammer: null
2023-12-27 19:15:07,586 [FATAL] Updater:282 - Updater called before beeing initialized
2023-12-27 19:15:08,371 [FATAL] Updater:282 - Updater called before beeing initialized
2023-12-27 19:15:08,372 [WARN] ThirdParty:775 - waiting for thirdparty lock release [close project]
2023-12-27 19:15:08,372 [INFO] ThirdParty:777 - entering critical section [close project]
2023-12-27 19:15:08,375 [INFO] ThirdParty:790 - exiting critical section [close project]
2023-12-27 19:15:08,395 [INFO] PinOutPanel:1418 - setPackage(No Configuration,No Configuration)
2023-12-27 19:15:08,396 [FATAL] Updater:282 - Updater called before beeing initialized
2023-12-27 19:15:08,435 [ERROR] Updater:967 - MainUpdater not yet initialized. External WinMGr cannot be set.
2023-12-27 19:15:08,438 [INFO] CubeProgrammer:457 - [DDR PANEL] - PathOfProgrammer: C:\ST\STM32CubeIDE_1.4.0\STM32CubeIDE\plugins\com.st.stm32cube.ide.mcu.externaltools.cubeprogrammer.win32_1.4.0.202007081208\tools\bin
2023-12-27 19:15:08,452 [INFO] ProgrammerExecThread:148 - [ProgrammerAPI] CubeProgrammer command construction: C:\ST\STM32CubeIDE_1.4.0\STM32CubeIDE\plugins\com.st.stm32cube.ide.mcu.externaltools.cubeprogrammer.win32_1.4.0.202007081208\tools\bin\STM32_Programmer_CLI.exe -l
2023-12-27 19:15:09,694 [INFO] MainDdrPanel:49 - [DDR PANEL] SETTER - Set cubeProgrammerPath to: C:\ST\STM32CubeIDE_1.4.0\STM32CubeIDE\plugins\com.st.stm32cube.ide.mcu.externaltools.cubeprogrammer.win32_1.4.0.202007081208\tools\bin
2023-12-27 19:15:10,221 [INFO] Updater:904 - Updater Version found : 6.0.0
2023-12-27 19:15:10,284 [INFO] ApplicationProperties:181 - Using Application install path: C:\ST\STM32CubeIDE_1.4.0\STM32CubeIDE\plugins\com.st.stm32cube.common.mx_6.0.0.202007160824
2023-12-27 19:15:11,760 [INFO] MainUpdater:2268 - connection check result : 10
2023-12-27 19:15:11,760 [INFO] MainUpdater:2935 - Updater definition file requires update
2023-12-27 19:15:11,762 [INFO] MainUpdater:239 - Updater Check For Update Now.
2023-12-27 19:15:11,763 [INFO] MicroXplorer:414 - Change Database Version : DB.6.0.0
2023-12-27 19:15:12,454 [INFO] ServerAccessManage:348 - Download File updaters.zip
2023-12-27 19:15:12,805 [INFO] FileExtend:225 - Unzip File : updaters.zip
2023-12-27 19:15:12,812 [INFO] FileExtend:240 - Standard Zip Deflate
2023-12-27 19:15:13,254 [WARN] IntegrityCheckThread:61 - waiting for thirdparty lock release [integrity check]
2023-12-27 19:15:13,254 [INFO] IntegrityCheckThread:63 - entering critical section [integrity check]
2023-12-27 19:15:13,255 [WARN] MainUpdater:1087 - Updater busy. Cannot search thirdparties
2023-12-27 19:15:13,848 [INFO] ServerAccessManage:348 - Download File PacksControlFlags.xml
2023-12-27 19:15:14,999 [INFO] ServerAccessManage:348 - Download File cubemx.pidx
2023-12-27 19:15:16,021 [INFO] LoadServerUpdatesThread:309 - End of LoadServerUpdate Thread
2023-12-27 19:15:16,204 [INFO] CheckServerUpdateThread:102 - End of CheckServer Thread
2023-12-27 19:15:16,398 [INFO] MainUpdater:2268 - connection check result : 10
2023-12-27 19:15:17,073 [INFO] ThirdPartyDb:299 - Save Third Party DataBase File (C:/Users/Mohamed-pc/.stm32cubemx/plugins/thirdparty/db/thirdparties_db.xml) [forced]
2023-12-27 19:15:17,197 [INFO] ThirdPartyDb:299 - Save Third Party DataBase File (C:/Users/Mohamed-pc/.stm32cubemx/plugins/thirdparty/db/thirdparties_db.xml) [forced]
2023-12-27 19:15:17,291 [INFO] IntegrityCheckThread:76 - exiting critical section [integrity check]
2023-12-27 19:15:17,291 [INFO] IntegrityCheckThread:79 - End integrity checks thread
2023-12-27 19:15:18,513 [INFO] ServerAccessManage:348 - Download File mcusDocs.json._tmp_
2023-12-27 19:15:18,616 [INFO] LoadUrlFilesThread:135 - End of LoadUrlFiles Thread
2023-12-27 19:15:19,179 [INFO] ServerAccessManage:348 - Download File mcusFeaturesAndDescription.json._tmp_
2023-12-27 19:15:21,584 [INFO] LoadUrlFilesThread:135 - End of LoadUrlFiles Thread
2023-12-27 19:15:21,765 [INFO] ServerAccessManage:348 - Download File boardsDocs.json._tmp_
2023-12-27 19:15:21,803 [INFO] LoadUrlFilesThread:135 - End of LoadUrlFiles Thread
2023-12-27 19:15:22,002 [INFO] ServerAccessManage:348 - Download File boards.json._tmp_
2023-12-27 19:15:22,141 [INFO] LoadUrlFilesThread:135 - End of LoadUrlFiles Thread
2023-12-27 19:15:22,877 [INFO] ServerAccessManage:348 - Download File cube-finder-db.zip
2023-12-27 19:15:31,177 [INFO] FileExtend:225 - Unzip File : cube-finder-db.zip
2023-12-27 19:15:31,186 [INFO] FileExtend:240 - Standard Zip Deflate
2023-12-27 19:15:33,865 [INFO] LoadUrlFilesThread:135 - End of LoadUrlFiles Thread
2023-12-27 19:15:34,578 [INFO] ServerAccessManage:348 - Download File crdb.zip
2023-12-27 19:15:34,983 [INFO] FileExtend:225 - Unzip File : crdb.zip
2023-12-27 19:15:34,986 [INFO] FileExtend:240 - Standard Zip Deflate
2023-12-27 19:15:35,085 [INFO] LoadUrlFilesThread:135 - End of LoadUrlFiles Thread
2023-12-27 19:15:35,614 [INFO] ServerAccessManage:348 - Download File tutoVideoDB.zip
2023-12-27 19:15:35,702 [INFO] FileExtend:225 - Unzip File : tutoVideoDB.zip
2023-12-27 19:15:35,705 [INFO] FileExtend:240 - Standard Zip Deflate
2023-12-27 19:15:35,832 [INFO] LoadUrlFilesThread:135 - End of LoadUrlFiles Thread
2023-12-27 19:15:35,960 [INFO] DbMcusDocs:145 - JSON generation date=Tue Nov 16 18:17:54 EET 2021 (1637079474)
2023-12-27 19:15:35,973 [INFO] DbMcusXml:100 - Load MCU database from C:\ST\STM32CubeIDE_1.4.0\STM32CubeIDE\plugins\com.st.stm32cube.common.mx_6.0.0.202007160824\\db\/mcu/families.xml
2023-12-27 19:15:38,444 [INFO] DbMcusJson:92 - JSON generation date=Tue Nov 16 18:17:54 EET 2021 (1637079474)
2023-12-27 19:15:40,892 [INFO] DbMcus:175 - Found 1761 MCUs (1722 are supported by CubeMX, 1911 are visible in CubeMX)
2023-12-27 19:15:40,893 [INFO] ApiDb:192 - User favorites file not found: C:\Users\Mohamed-pc/.stm32cubemx/favorites.mcus.txt
2023-12-27 19:15:40,893 [INFO] DbMcus:187 - Set 0 / 0 favorites MCUs
2023-12-27 19:15:41,622 [INFO] DbMcusDocs:81 - Found 682 MCUs documents
2023-12-27 19:15:41,626 [INFO] ApiDb:226 - Save user favorites file C:\Users\Mohamed-pc/.stm32cubemx/favorites.mcus.txt: 0 item(s)
2023-12-27 19:15:41,627 [INFO] ApiDb:230 - User favorites MCUs=[]
2023-12-27 19:15:41,627 [INFO] DbMcusXml:100 - Load MCU database from C:\ST\STM32CubeIDE_1.4.0\STM32CubeIDE\plugins\com.st.stm32cube.common.mx_6.0.0.202007160824\\db\/mcu/families.xml
2023-12-27 19:15:43,128 [INFO] DbMcusJson:92 - JSON generation date=Tue Nov 16 18:17:54 EET 2021 (1637079474)
2023-12-27 19:15:44,579 [INFO] DbMcus:175 - Found 1761 MCUs (1722 are supported by CubeMX, 1911 are visible in CubeMX)
2023-12-27 19:15:44,580 [INFO] ApiDb:201 - Load user favorites file C:\Users\Mohamed-pc/.stm32cubemx/favorites.mcus.txt: 0 item(s)
2023-12-27 19:15:44,580 [INFO] ApiDb:205 - User favorites MCUs=[]
2023-12-27 19:15:44,580 [INFO] DbMcus:187 - Set 0 / 0 favorites MCUs
2023-12-27 19:15:44,599 [INFO] DbBoardsDocs:145 - JSON generation date=Tue Nov 16 18:17:54 EET 2021 (1637079474)
2023-12-27 19:15:44,696 [INFO] DbBoardsPdsc:94 - Found 23 items
2023-12-27 19:15:44,775 [INFO] DbBoardsPdsc:94 - Found 9 items
2023-12-27 19:15:44,825 [INFO] DbBoardsPdsc:94 - Found 29 items
2023-12-27 19:15:44,852 [INFO] DbBoardsPdsc:94 - Found 1 items
2023-12-27 19:15:44,898 [INFO] DbBoardsPdsc:94 - Found 44 items
2023-12-27 19:15:44,935 [INFO] DbBoardsPdsc:94 - Found 40 items
2023-12-27 19:15:44,968 [INFO] DbBoardsPdsc:94 - Found 2 items
2023-12-27 19:15:45,002 [INFO] DbBoardsPdsc:94 - Found 4 items
2023-12-27 19:15:45,018 [WARN] DbBoardsPdsc:258 - Board STM32H7B3I-DK: unknown feature type=Audio, name=, username=Audio stereo codec with Headphone Amp (CS42L51-CNZ), n=1
2023-12-27 19:15:45,019 [WARN] DbBoardsPdsc:258 - Board STM32H735G-DK: unknown feature type=Audio, name=, username=Audio stereo codec with Headphone Amp (WM8994ECS/R), n=1
2023-12-27 19:15:45,028 [WARN] DbBoardsPdsc:258 - Board STM32H7B3I-EVAL: unknown feature type=Audio, name=, username=Multi-Channel Audio Codec (CS42L51-CNZ), n=1
2023-12-27 19:15:45,029 [WARN] DbBoardsPdsc:258 - Board STM32H7B3I-EVAL: unknown feature type=Meter, name=, username=Power-metering and Temperature-monitoring with sigma-delta modulators, n=1
2023-12-27 19:15:45,029 [WARN] DbBoardsPdsc:258 - Board STM32H7B3I-EVAL: unknown feature type=Motor, name=, username=Motor Control, n=1
2023-12-27 19:15:45,072 [INFO] DbBoardsJson:85 - JSON generation date=Tue Nov 16 18:17:54 EET 2021 (1637079474)
2023-12-27 19:15:45,096 [INFO] DbBoards:117 - Found 166 boards (149 are supported by CubeMX)
2023-12-27 19:15:45,100 [INFO] DbBoardsDocs:145 - JSON generation date=Tue Nov 16 18:17:54 EET 2021 (1637079474)
2023-12-27 19:15:45,112 [INFO] DbBoardsDocs:81 - Found 209 boards documents
2023-12-27 19:15:45,115 [WARN] DbBoards:127 - board B-L475E-IOT01A2 has no document id list !
2023-12-27 19:15:45,117 [WARN] DbBoards:127 - board NUCLEO-H743ZI has no document id list !
2023-12-27 19:15:45,120 [WARN] DbBoards:127 - board P-NUCLEO-WB55-Nucleo has no document id list !
2023-12-27 19:15:45,120 [WARN] DbBoards:127 - board P-NUCLEO-WB55-USBDongle has no document id list !
2023-12-27 19:15:45,120 [WARN] DbBoards:127 - board STEVAL-BFA001V1B has no document id list !
2023-12-27 19:15:45,120 [WARN] DbBoards:127 - board STEVAL-BFA001V2B has no document id list !
2023-12-27 19:15:45,121 [WARN] DbBoards:127 - board STEVAL-IDP005V1 has no document id list !
2023-12-27 19:15:45,121 [WARN] DbBoards:127 - board STEVAL-IDP005V2 has no document id list !
2023-12-27 19:15:45,121 [WARN] DbBoards:127 - board STEVAL-MKSBOX1V1 has no document id list !
2023-12-27 19:15:45,121 [WARN] DbBoards:127 - board STEVAL-STWINKT1 has no document id list !
2023-12-27 19:15:45,121 [WARN] DbBoards:127 - board STEVAL-STWINKT1B has no document id list !
2023-12-27 19:15:45,122 [WARN] DbBoards:127 - board STM32439I-EVAL2 has no document id list !
2023-12-27 19:15:45,123 [WARN] DbBoards:127 - board STM32F401C-DISCO has no document id list !
2023-12-27 19:15:45,124 [WARN] DbBoards:127 - board STM32F769I-DISC1 has no document id list !
2023-12-27 19:15:45,124 [WARN] DbBoards:127 - board STM32G474E-EVAL1 has no document id list !
2023-12-27 19:15:45,125 [WARN] DbBoards:127 - board STM32H743I-EVAL2 has no document id list !
2023-12-27 19:15:45,125 [WARN] DbBoards:127 - board STM32H747I-DISC1 has no document id list !
2023-12-27 19:15:45,126 [WARN] DbBoards:127 - board STM32H753I-EVAL2 has no document id list !
2023-12-27 19:15:45,126 [WARN] DbBoards:127 - board STM32L-DISCOVERY has no document id list !
2023-12-27 19:15:45,481 [ERROR] DbBoards:189 - Image file not found for board B-L462E-CELL1: C:\ST\STM32CubeIDE_1.4.0\STM32CubeIDE\plugins\com.st.stm32cube.common.mx_6.0.0.202007160824\\db\/plugins/mcufinder/images/boards/B-L462E-CELL1_small.jpg
2023-12-27 19:15:45,608 [ERROR] DbBoards:189 - Image file not found for board B-U585I-IOT02A: C:\ST\STM32CubeIDE_1.4.0\STM32CubeIDE\plugins\com.st.stm32cube.common.mx_6.0.0.202007160824\\db\/plugins/mcufinder/images/boards/B-U585I-IOT02A_small.jpg
2023-12-27 19:15:46,041 [ERROR] DbBoards:189 - Image file not found for board NUCLEO-F413ZH: C:\ST\STM32CubeIDE_1.4.0\STM32CubeIDE\plugins\com.st.stm32cube.common.mx_6.0.0.202007160824\\db\/plugins/mcufinder/images/boards/nucleo-f413zh_small.jpg
2023-12-27 19:15:46,529 [ERROR] DbBoards:189 - Image file not found for board NUCLEO-L552ZE-Q: C:\ST\STM32CubeIDE_1.4.0\STM32CubeIDE\plugins\com.st.stm32cube.common.mx_6.0.0.202007160824\\db\/plugins/mcufinder/images/boards/nucleo_l552ze_q_small.jpg
2023-12-27 19:15:46,530 [ERROR] DbBoards:189 - Image file not found for board NUCLEO-U575ZI-Q: C:\ST\STM32CubeIDE_1.4.0\STM32CubeIDE\plugins\com.st.stm32cube.common.mx_6.0.0.202007160824\\db\/plugins/mcufinder/images/boards/nucleo-u575zi-q_small.jpg
2023-12-27 19:15:46,530 [ERROR] DbBoards:189 - Image file not found for board NUCLEO-WB15CC: C:\ST\STM32CubeIDE_1.4.0\STM32CubeIDE\plugins\com.st.stm32cube.common.mx_6.0.0.202007160824\\db\/plugins/mcufinder/images/boards/nucleo-wb15cc_small.jpg
2023-12-27 19:15:46,530 [ERROR] DbBoards:189 - Image file not found for board NUCLEO-WB55RG: C:\ST\STM32CubeIDE_1.4.0\STM32CubeIDE\plugins\com.st.stm32cube.common.mx_6.0.0.202007160824\\db\/plugins/mcufinder/images/boards/nucleo-wb55rg_small.jpg
2023-12-27 19:15:46,531 [ERROR] DbBoards:189 - Image file not found for board NUCLEO-WL55JC: C:\ST\STM32CubeIDE_1.4.0\STM32CubeIDE\plugins\com.st.stm32cube.common.mx_6.0.0.202007160824\\db\/plugins/mcufinder/images/boards/nucleo-wl55jc-small.jpg
2023-12-27 19:15:47,018 [ERROR] DbBoards:189 - Image file not found for board STEVAL-STWINKT1B: C:\ST\STM32CubeIDE_1.4.0\STM32CubeIDE\plugins\com.st.stm32cube.common.mx_6.0.0.202007160824\\db\/plugins/mcufinder/images/boards/steval-stwinkt1b_small.jpg
2023-12-27 19:15:48,631 [ERROR] DbBoards:189 - Image file not found for board STM32G0C1E-EV: C:\ST\STM32CubeIDE_1.4.0\STM32CubeIDE\plugins\com.st.stm32cube.common.mx_6.0.0.202007160824\\db\/plugins/mcufinder/images/boards/stm32g0c1e-eval_small.jpg
2023-12-27 19:15:48,887 [ERROR] DbBoards:189 - Image file not found for board STM32H7B3I-EVAL: C:\ST\STM32CubeIDE_1.4.0\STM32CubeIDE\plugins\com.st.stm32cube.common.mx_6.0.0.202007160824\\db\/plugins/mcufinder/images/boards/stm32h7b3ieval_small.jpg
2023-12-27 19:15:49,615 [ERROR] DbBoards:189 - Image file not found for board STM32U575I-EV: C:\ST\STM32CubeIDE_1.4.0\STM32CubeIDE\plugins\com.st.stm32cube.common.mx_6.0.0.202007160824\\db\/plugins/mcufinder/images/boards/stm32u575i-ev_small.jpg
2023-12-27 19:15:49,712 [ERROR] DbBoards:189 - Image file not found for board STM32WB5MM-DK: C:\ST\STM32CubeIDE_1.4.0\STM32CubeIDE\plugins\com.st.stm32cube.common.mx_6.0.0.202007160824\\db\/plugins/mcufinder/images/boards/STM32WB5MM-DK_small.jpg
2023-12-27 19:15:49,712 [INFO] ApiDb:192 - User favorites file not found: C:\Users\Mohamed-pc/.stm32cubemx/favorites.boards.txt
2023-12-27 19:15:49,713 [INFO] DbBoards:206 - Set 0 / 0 favorites Boards
2023-12-27 19:15:49,720 [INFO] DbBoardsDocs:81 - Found 418 boards documents
2023-12-27 19:15:49,722 [INFO] ApiDb:226 - Save user favorites file C:\Users\Mohamed-pc/.stm32cubemx/favorites.boards.txt: 0 item(s)
2023-12-27 19:15:49,723 [INFO] ApiDb:230 - User favorites Boards=[]
2023-12-27 19:15:49,730 [INFO] DbBoardsPdsc:94 - Found 23 items
2023-12-27 19:15:49,733 [INFO] DbBoardsPdsc:94 - Found 9 items
2023-12-27 19:15:49,740 [INFO] DbBoardsPdsc:94 - Found 29 items
2023-12-27 19:15:49,742 [INFO] DbBoardsPdsc:94 - Found 1 items
2023-12-27 19:15:49,754 [INFO] DbBoardsPdsc:94 - Found 44 items
2023-12-27 19:15:49,766 [INFO] DbBoardsPdsc:94 - Found 40 items
2023-12-27 19:15:49,769 [INFO] DbBoardsPdsc:94 - Found 2 items
2023-12-27 19:15:49,773 [INFO] DbBoardsPdsc:94 - Found 4 items
2023-12-27 19:15:49,786 [WARN] DbBoardsPdsc:258 - Board STM32H7B3I-DK: unknown feature type=Audio, name=, username=Audio stereo codec with Headphone Amp (CS42L51-CNZ), n=1
2023-12-27 19:15:49,787 [WARN] DbBoardsPdsc:258 - Board STM32H735G-DK: unknown feature type=Audio, name=, username=Audio stereo codec with Headphone Amp (WM8994ECS/R), n=1
2023-12-27 19:15:49,792 [WARN] DbBoardsPdsc:258 - Board STM32H7B3I-EVAL: unknown feature type=Audio, name=, username=Multi-Channel Audio Codec (CS42L51-CNZ), n=1
2023-12-27 19:15:49,793 [WARN] DbBoardsPdsc:258 - Board STM32H7B3I-EVAL: unknown feature type=Meter, name=, username=Power-metering and Temperature-monitoring with sigma-delta modulators, n=1
2023-12-27 19:15:49,793 [WARN] DbBoardsPdsc:258 - Board STM32H7B3I-EVAL: unknown feature type=Motor, name=, username=Motor Control, n=1
2023-12-27 19:15:49,830 [INFO] DbBoardsJson:85 - JSON generation date=Tue Nov 16 18:17:54 EET 2021 (1637079474)
2023-12-27 19:15:49,840 [INFO] DbBoards:117 - Found 166 boards (149 are supported by CubeMX)
2023-12-27 19:15:49,860 [WARN] DbBoards:127 - board B-L475E-IOT01A2 has no document id list !
2023-12-27 19:15:49,868 [WARN] DbBoards:127 - board NUCLEO-H743ZI has no document id list !
2023-12-27 19:15:49,869 [WARN] DbBoards:127 - board P-NUCLEO-WB55-Nucleo has no document id list !
2023-12-27 19:15:49,869 [WARN] DbBoards:127 - board P-NUCLEO-WB55-USBDongle has no document id list !
2023-12-27 19:15:49,869 [WARN] DbBoards:127 - board STEVAL-BFA001V1B has no document id list !
2023-12-27 19:15:49,869 [WARN] DbBoards:127 - board STEVAL-BFA001V2B has no document id list !
2023-12-27 19:15:49,869 [WARN] DbBoards:127 - board STEVAL-IDP005V1 has no document id list !
2023-12-27 19:15:49,870 [WARN] DbBoards:127 - board STEVAL-IDP005V2 has no document id list !
2023-12-27 19:15:49,870 [WARN] DbBoards:127 - board STEVAL-MKSBOX1V1 has no document id list !
2023-12-27 19:15:49,870 [WARN] DbBoards:127 - board STEVAL-STWINKT1 has no document id list !
2023-12-27 19:15:49,870 [WARN] DbBoards:127 - board STEVAL-STWINKT1B has no document id list !
2023-12-27 19:15:49,870 [WARN] DbBoards:127 - board STM32439I-EVAL2 has no document id list !
2023-12-27 19:15:49,871 [WARN] DbBoards:127 - board STM32F401C-DISCO has no document id list !
2023-12-27 19:15:49,871 [WARN] DbBoards:127 - board STM32F769I-DISC1 has no document id list !
2023-12-27 19:15:49,872 [WARN] DbBoards:127 - board STM32G474E-EVAL1 has no document id list !
2023-12-27 19:15:49,872 [WARN] DbBoards:127 - board STM32H743I-EVAL2 has no document id list !
2023-12-27 19:15:49,872 [WARN] DbBoards:127 - board STM32H747I-DISC1 has no document id list !
2023-12-27 19:15:49,873 [WARN] DbBoards:127 - board STM32H753I-EVAL2 has no document id list !
2023-12-27 19:15:49,873 [WARN] DbBoards:127 - board STM32L-DISCOVERY has no document id list !
2023-12-27 19:15:49,986 [ERROR] DbBoards:189 - Image file not found for board B-L462E-CELL1: C:\ST\STM32CubeIDE_1.4.0\STM32CubeIDE\plugins\com.st.stm32cube.common.mx_6.0.0.202007160824\\db\/plugins/mcufinder/images/boards/B-L462E-CELL1_small.jpg
2023-12-27 19:15:50,063 [ERROR] DbBoards:189 - Image file not found for board B-U585I-IOT02A: C:\ST\STM32CubeIDE_1.4.0\STM32CubeIDE\plugins\com.st.stm32cube.common.mx_6.0.0.202007160824\\db\/plugins/mcufinder/images/boards/B-U585I-IOT02A_small.jpg
2023-12-27 19:15:50,232 [ERROR] DbBoards:189 - Image file not found for board NUCLEO-F413ZH: C:\ST\STM32CubeIDE_1.4.0\STM32CubeIDE\plugins\com.st.stm32cube.common.mx_6.0.0.202007160824\\db\/plugins/mcufinder/images/boards/nucleo-f413zh_small.jpg
2023-12-27 19:15:50,527 [ERROR] DbBoards:189 - Image file not found for board NUCLEO-L552ZE-Q: C:\ST\STM32CubeIDE_1.4.0\STM32CubeIDE\plugins\com.st.stm32cube.common.mx_6.0.0.202007160824\\db\/plugins/mcufinder/images/boards/nucleo_l552ze_q_small.jpg
2023-12-27 19:15:50,528 [ERROR] DbBoards:189 - Image file not found for board NUCLEO-U575ZI-Q: C:\ST\STM32CubeIDE_1.4.0\STM32CubeIDE\plugins\com.st.stm32cube.common.mx_6.0.0.202007160824\\db\/plugins/mcufinder/images/boards/nucleo-u575zi-q_small.jpg
2023-12-27 19:15:50,528 [ERROR] DbBoards:189 - Image file not found for board NUCLEO-WB15CC: C:\ST\STM32CubeIDE_1.4.0\STM32CubeIDE\plugins\com.st.stm32cube.common.mx_6.0.0.202007160824\\db\/plugins/mcufinder/images/boards/nucleo-wb15cc_small.jpg
2023-12-27 19:15:50,528 [ERROR] DbBoards:189 - Image file not found for board NUCLEO-WB55RG: C:\ST\STM32CubeIDE_1.4.0\STM32CubeIDE\plugins\com.st.stm32cube.common.mx_6.0.0.202007160824\\db\/plugins/mcufinder/images/boards/nucleo-wb55rg_small.jpg
2023-12-27 19:15:50,528 [ERROR] DbBoards:189 - Image file not found for board NUCLEO-WL55JC: C:\ST\STM32CubeIDE_1.4.0\STM32CubeIDE\plugins\com.st.stm32cube.common.mx_6.0.0.202007160824\\db\/plugins/mcufinder/images/boards/nucleo-wl55jc-small.jpg
2023-12-27 19:15:50,725 [ERROR] DbBoards:189 - Image file not found for board STEVAL-STWINKT1B: C:\ST\STM32CubeIDE_1.4.0\STM32CubeIDE\plugins\com.st.stm32cube.common.mx_6.0.0.202007160824\\db\/plugins/mcufinder/images/boards/steval-stwinkt1b_small.jpg
2023-12-27 19:15:51,311 [ERROR] DbBoards:189 - Image file not found for board STM32G0C1E-EV: C:\ST\STM32CubeIDE_1.4.0\STM32CubeIDE\plugins\com.st.stm32cube.common.mx_6.0.0.202007160824\\db\/plugins/mcufinder/images/boards/stm32g0c1e-eval_small.jpg
2023-12-27 19:15:51,470 [ERROR] DbBoards:189 - Image file not found for board STM32H7B3I-EVAL: C:\ST\STM32CubeIDE_1.4.0\STM32CubeIDE\plugins\com.st.stm32cube.common.mx_6.0.0.202007160824\\db\/plugins/mcufinder/images/boards/stm32h7b3ieval_small.jpg
2023-12-27 19:15:51,773 [ERROR] DbBoards:189 - Image file not found for board STM32U575I-EV: C:\ST\STM32CubeIDE_1.4.0\STM32CubeIDE\plugins\com.st.stm32cube.common.mx_6.0.0.202007160824\\db\/plugins/mcufinder/images/boards/stm32u575i-ev_small.jpg
2023-12-27 19:15:51,824 [ERROR] DbBoards:189 - Image file not found for board STM32WB5MM-DK: C:\ST\STM32CubeIDE_1.4.0\STM32CubeIDE\plugins\com.st.stm32cube.common.mx_6.0.0.202007160824\\db\/plugins/mcufinder/images/boards/STM32WB5MM-DK_small.jpg
2023-12-27 19:15:51,825 [INFO] ApiDb:201 - Load user favorites file C:\Users\Mohamed-pc/.stm32cubemx/favorites.boards.txt: 0 item(s)
2023-12-27 19:15:51,825 [INFO] ApiDb:205 - User favorites Boards=[]
2023-12-27 19:15:51,826 [INFO] DbBoards:206 - Set 0 / 0 favorites Boards
2023-12-27 19:15:57,225 [INFO] DbExamplesSqlite:156 - SQLite db open (C:\Users\Mohamed-pc\.stmcufinder\plugins\mcufinder\mcu\cube-finder-db.db)
2023-12-27 19:15:59,380 [INFO] DbExamplesSqlite:447 - Ignored 0 examples not supported by CubeIDE
2023-12-27 19:15:59,380 [INFO] DbExamplesSqlite:448 - Found 7560 examples active
2023-12-27 19:15:59,381 [INFO] DbExamplesSqlite:449 - Found 844 examples obsolete
2023-12-27 19:15:59,381 [INFO] DbExamplesSqlite:450 - Found 0 examples under development
2023-12-27 19:15:59,381 [INFO] DbExamplesSqlite:451 - Found 8 examples not building
2023-12-27 19:15:59,604 [INFO] DbExamplesSqlite:130 - SQLite Data Model version=2.1
2023-12-27 19:15:59,604 [INFO] DbExamplesSqlite:131 - SQLite Configuration version=3.0.39
2023-12-27 19:15:59,605 [INFO] DbExamplesSqlite:132 - SQLite generation date=2023-12-08 (1702028721)
2023-12-27 19:15:59,606 [INFO] DbExamplesSqlite:133 - SQLite FW Pack versions=[FP-ATR-ASTRA1_V2.0.0, FP-SNS-FLIGHT1_V5.0.1, FP-SNS-FLIGHT1_V5.0.2, FP-SNS-MOTENV1_V4.3.1, FP-SNS-MOTENV1_V4.3.2, FP-SNS-MOTENVWB1_V1.3.1, FP-SNS-SMARTAG2_V1.2.0, STM32Cube_FW_C0_V1.1.0, STM32Cube_FW_F4_V1.28.0, STM32Cube_FW_F7_V1.17.0, STM32Cube_FW_G0_V1.6.1, STM32Cube_FW_G4_V1.5.1, STM32Cube_FW_H5_V0.5.1, STM32Cube_FW_H5_V1.1.1, STM32Cube_FW_H5_V1.2.0RC2, STM32Cube_FW_H7_V1.11.0, STM32Cube_FW_L0_V1.12.2, STM32Cube_FW_L5_V1.5.0, STM32Cube_FW_U5_V1.3.0RC4, STM32Cube_FW_U5_V1.4.0, STM32Cube_FW_WBA_V1.0.0RC1, STM32Cube_FW_WBA_V1.1.0RC1, STM32Cube_FW_WBA_V1.2.0, STM32Cube_FW_WBA_V1.2.0RC2, STM32Cube_FW_WB_V1.15.0RC1, STM32Cube_FW_WB_V1.16.0, STM32Cube_FW_WB_V1.16.0RC2, STM32Cube_FW_WB_V1.18.0, STM32Cube_FW_WL_V1.3.0, X-CUBE-ALGOBUILD_V1.3.0, X-CUBE-ALS_V1.0.1, X-CUBE-AZRTOS-F4_V1.1.0, X-CUBE-AZRTOS-F7_V1.1.0, X-CUBE-AZRTOS-G0_V1.1.0, X-CUBE-AZRTOS-G4_V2.0.0, X-CUBE-AZRTOS-H7_V3.1.0, X-CUBE-AZRTOS-L4_V1.0.0, X-CUBE-AZRTOS-L4_V2.0.0, X-CUBE-AZRTOS-L5_V1.1.0, X-CUBE-AZRTOS-WB_V2.0.0, X-CUBE-AZRTOS-WL_V2.0.0, X-CUBE-BLE1_V7.0.0, X-CUBE-BLE2_V3.3.0, X-CUBE-BLEMGR_V3.0.0, X-CUBE-EEPRMA1_V4.1.0, X-CUBE-EEPRMA1_V4.2.0, X-CUBE-FREERTOS_V1.1.0, X-CUBE-GNSS1_V6.0.0, X-CUBE-MEMS1_V10.0.0, X-CUBE-MEMS1_V9.1.0, X-CUBE-MEMS1_V9.4.0, X-CUBE-MEMS1_V9.6.0, X-CUBE-NFC4_V3.0.0, X-CUBE-NFC7_V1.0.1, X-CUBE-SFXS2LP1_V4.0.0, X-CUBE-SUBG2_V5.0.0, X-CUBE-TOF1_V3.4.0]
2023-12-27 19:15:59,608 [INFO] DbExamples:123 - Found 7568 examples
2023-12-27 19:16:01,533 [ERROR] DbExamples:199 - Found 7568 examples with invalid data (board or MCU)
2023-12-27 19:16:01,533 [INFO] DbExamples:215 - Found 77 boards with related examples
2023-12-27 19:16:01,534 [INFO] DbExamples:228 - Found 0 MCUs with related examples
2023-12-27 19:16:01,580 [INFO] ApiDb:192 - User favorites file not found: C:\Users\Mohamed-pc/.stm32cubemx/favorites.examples.txt
2023-12-27 19:16:01,581 [INFO] DbExamples:249 - Set 0 / 0 favorites Examples
2023-12-27 19:16:02,559 [INFO] McuFinderGlobals:40 - Set McuFinder mode to 2 (CubeIDE integrated)
2023-12-27 19:16:05,862 [INFO] CrossSelectorPresenter:1330 - Cross Selector saved comparison directory: C:\Users\Mohamed-pc\.stmcufinder\plugins\mcufinder\mcu\cs_comparisons_mx
2023-12-27 19:16:05,894 [INFO] MultiScanPanel:193 - Auto-refresh data requested => check proxy status ongoing
2023-12-27 19:16:05,899 [INFO] FinderPluginLoader:87 - Searching for filters in installed packs
2023-12-27 19:16:07,691 [INFO] LoadUrlFilesThread:162 - End of LoadServerUrlFiles without Thread
2023-12-27 19:16:07,731 [INFO] DetailPanel:331 - Set advertising image to C:/Users/Mohamed-pc/STM32Cube/Repository/\stm32cubemx-promo_image.jpg
2023-12-27 19:16:08,798 [INFO] McuFilterPanel:245 - Update 0 favorites MCUs
2023-12-27 19:19:54,874 [INFO] LogOutputStream:76 - [STDOUT_REDIRECT] withoutVersionV1.8.4
2023-12-27 19:19:54,876 [INFO] LogOutputStream:76 - [STDOUT_REDIRECT] withoutVersionV1.8.3
2023-12-27 19:19:54,877 [INFO] LogOutputStream:76 - [STDOUT_REDIRECT] withoutVersionV1.8.2
2023-12-27 19:19:54,878 [INFO] LogOutputStream:76 - [STDOUT_REDIRECT] withoutVersionV1.8.1
2023-12-27 19:19:54,878 [INFO] LogOutputStream:76 - [STDOUT_REDIRECT] withoutVersionV1.8.0
2023-12-27 19:20:12,617 [INFO] ApiDb:226 - Save user favorites file C:\Users\Mohamed-pc/.stm32cubeide/favorites.mcus.txt: 0 item(s)
2023-12-27 19:20:12,618 [INFO] ApiDb:230 - User favorites MCUs=[]
